[2021-02-18 19:21:56,739] {scheduler_job.py:182} INFO - Started process (PID=51) to work on /home/airflow/.local/lib/python3.6/site-packages/airflow/example_dags/example_latest_only.py
[2021-02-18 19:21:56,741] {scheduler_job.py:629} INFO - Processing file /home/airflow/.local/lib/python3.6/site-packages/airflow/example_dags/example_latest_only.py for tasks to queue
[2021-02-18 19:21:56,741] {logging_mixin.py:104} INFO - [2021-02-18 19:21:56,741] {dagbag.py:448} INFO - Filling up the DagBag from /home/airflow/.local/lib/python3.6/site-packages/airflow/example_dags/example_latest_only.py
[2021-02-18 19:21:56,755] {scheduler_job.py:639} INFO - DAG(s) dict_keys(['latest_only']) retrieved from /home/airflow/.local/lib/python3.6/site-packages/airflow/example_dags/example_latest_only.py
[2021-02-18 19:21:56,786] {logging_mixin.py:104} INFO - [2021-02-18 19:21:56,786] {dag.py:1818} INFO - Sync 1 DAGs
[2021-02-18 19:21:56,798] {logging_mixin.py:104} INFO - [2021-02-18 19:21:56,798] {dag.py:1837} INFO - Creating ORM DAG for latest_only
[2021-02-18 19:21:56,805] {logging_mixin.py:104} INFO - [2021-02-18 19:21:56,805] {dag.py:2273} INFO - Setting next_dagrun for latest_only to 2021-02-16 00:00:00+00:00
[2021-02-18 19:21:56,824] {scheduler_job.py:190} INFO - Processing /home/airflow/.local/lib/python3.6/site-packages/airflow/example_dags/example_latest_only.py took 0.088 seconds
[2021-02-18 19:22:27,244] {scheduler_job.py:182} INFO - Started process (PID=79) to work on /home/airflow/.local/lib/python3.6/site-packages/airflow/example_dags/example_latest_only.py
[2021-02-18 19:22:27,246] {scheduler_job.py:629} INFO - Processing file /home/airflow/.local/lib/python3.6/site-packages/airflow/example_dags/example_latest_only.py for tasks to queue
[2021-02-18 19:22:27,246] {logging_mixin.py:104} INFO - [2021-02-18 19:22:27,246] {dagbag.py:448} INFO - Filling up the DagBag from /home/airflow/.local/lib/python3.6/site-packages/airflow/example_dags/example_latest_only.py
[2021-02-18 19:22:27,255] {scheduler_job.py:639} INFO - DAG(s) dict_keys(['latest_only']) retrieved from /home/airflow/.local/lib/python3.6/site-packages/airflow/example_dags/example_latest_only.py
[2021-02-18 19:22:27,272] {logging_mixin.py:104} INFO - [2021-02-18 19:22:27,272] {dag.py:1818} INFO - Sync 1 DAGs
[2021-02-18 19:22:27,286] {logging_mixin.py:104} INFO - [2021-02-18 19:22:27,286] {dag.py:2273} INFO - Setting next_dagrun for latest_only to 2021-02-16 00:00:00+00:00
[2021-02-18 19:22:27,297] {scheduler_job.py:190} INFO - Processing /home/airflow/.local/lib/python3.6/site-packages/airflow/example_dags/example_latest_only.py took 0.057 seconds
[2021-02-18 19:22:57,456] {scheduler_job.py:182} INFO - Started process (PID=104) to work on /home/airflow/.local/lib/python3.6/site-packages/airflow/example_dags/example_latest_only.py
[2021-02-18 19:22:57,457] {scheduler_job.py:629} INFO - Processing file /home/airflow/.local/lib/python3.6/site-packages/airflow/example_dags/example_latest_only.py for tasks to queue
[2021-02-18 19:22:57,457] {logging_mixin.py:104} INFO - [2021-02-18 19:22:57,457] {dagbag.py:448} INFO - Filling up the DagBag from /home/airflow/.local/lib/python3.6/site-packages/airflow/example_dags/example_latest_only.py
[2021-02-18 19:22:57,466] {scheduler_job.py:639} INFO - DAG(s) dict_keys(['latest_only']) retrieved from /home/airflow/.local/lib/python3.6/site-packages/airflow/example_dags/example_latest_only.py
[2021-02-18 19:22:57,486] {logging_mixin.py:104} INFO - [2021-02-18 19:22:57,486] {dag.py:1818} INFO - Sync 1 DAGs
[2021-02-18 19:22:57,501] {logging_mixin.py:104} INFO - [2021-02-18 19:22:57,501] {dag.py:2273} INFO - Setting next_dagrun for latest_only to 2021-02-16 00:00:00+00:00
[2021-02-18 19:22:57,509] {scheduler_job.py:190} INFO - Processing /home/airflow/.local/lib/python3.6/site-packages/airflow/example_dags/example_latest_only.py took 0.057 seconds
[2021-02-18 22:26:44,301] {scheduler_job.py:182} INFO - Started process (PID=57) to work on /home/airflow/.local/lib/python3.6/site-packages/airflow/example_dags/example_latest_only.py
[2021-02-18 22:26:44,386] {scheduler_job.py:629} INFO - Processing file /home/airflow/.local/lib/python3.6/site-packages/airflow/example_dags/example_latest_only.py for tasks to queue
[2021-02-18 22:26:44,387] {logging_mixin.py:104} INFO - [2021-02-18 22:26:44,387] {dagbag.py:448} INFO - Filling up the DagBag from /home/airflow/.local/lib/python3.6/site-packages/airflow/example_dags/example_latest_only.py
[2021-02-18 22:26:44,401] {scheduler_job.py:639} INFO - DAG(s) dict_keys(['latest_only']) retrieved from /home/airflow/.local/lib/python3.6/site-packages/airflow/example_dags/example_latest_only.py
[2021-02-18 22:26:44,433] {logging_mixin.py:104} INFO - [2021-02-18 22:26:44,433] {dag.py:1818} INFO - Sync 1 DAGs
[2021-02-18 22:26:44,444] {logging_mixin.py:104} INFO - [2021-02-18 22:26:44,444] {dag.py:1837} INFO - Creating ORM DAG for latest_only
[2021-02-18 22:26:44,450] {logging_mixin.py:104} INFO - [2021-02-18 22:26:44,450] {dag.py:2273} INFO - Setting next_dagrun for latest_only to 2021-02-16 00:00:00+00:00
[2021-02-18 22:26:44,470] {scheduler_job.py:190} INFO - Processing /home/airflow/.local/lib/python3.6/site-packages/airflow/example_dags/example_latest_only.py took 0.173 seconds
[2021-02-18 22:27:14,683] {scheduler_job.py:182} INFO - Started process (PID=82) to work on /home/airflow/.local/lib/python3.6/site-packages/airflow/example_dags/example_latest_only.py
[2021-02-18 22:27:14,685] {scheduler_job.py:629} INFO - Processing file /home/airflow/.local/lib/python3.6/site-packages/airflow/example_dags/example_latest_only.py for tasks to queue
[2021-02-18 22:27:14,686] {logging_mixin.py:104} INFO - [2021-02-18 22:27:14,686] {dagbag.py:448} INFO - Filling up the DagBag from /home/airflow/.local/lib/python3.6/site-packages/airflow/example_dags/example_latest_only.py
[2021-02-18 22:27:14,696] {scheduler_job.py:639} INFO - DAG(s) dict_keys(['latest_only']) retrieved from /home/airflow/.local/lib/python3.6/site-packages/airflow/example_dags/example_latest_only.py
[2021-02-18 22:27:14,728] {logging_mixin.py:104} INFO - [2021-02-18 22:27:14,728] {dag.py:1818} INFO - Sync 1 DAGs
[2021-02-18 22:27:14,744] {logging_mixin.py:104} INFO - [2021-02-18 22:27:14,744] {dag.py:2273} INFO - Setting next_dagrun for latest_only to 2021-02-16 00:00:00+00:00
[2021-02-18 22:27:14,754] {scheduler_job.py:190} INFO - Processing /home/airflow/.local/lib/python3.6/site-packages/airflow/example_dags/example_latest_only.py took 0.074 seconds
