[2021-02-18 19:21:56,112] {scheduler_job.py:182} INFO - Started process (PID=40) to work on /home/airflow/.local/lib/python3.6/site-packages/airflow/example_dags/example_trigger_target_dag.py
[2021-02-18 19:21:56,114] {scheduler_job.py:629} INFO - Processing file /home/airflow/.local/lib/python3.6/site-packages/airflow/example_dags/example_trigger_target_dag.py for tasks to queue
[2021-02-18 19:21:56,115] {logging_mixin.py:104} INFO - [2021-02-18 19:21:56,114] {dagbag.py:448} INFO - Filling up the DagBag from /home/airflow/.local/lib/python3.6/site-packages/airflow/example_dags/example_trigger_target_dag.py
[2021-02-18 19:21:56,133] {scheduler_job.py:639} INFO - DAG(s) dict_keys(['example_trigger_target_dag']) retrieved from /home/airflow/.local/lib/python3.6/site-packages/airflow/example_dags/example_trigger_target_dag.py
[2021-02-18 19:21:56,162] {logging_mixin.py:104} INFO - [2021-02-18 19:21:56,162] {dag.py:1818} INFO - Sync 1 DAGs
[2021-02-18 19:21:56,174] {logging_mixin.py:104} INFO - [2021-02-18 19:21:56,174] {dag.py:1837} INFO - Creating ORM DAG for example_trigger_target_dag
[2021-02-18 19:21:56,180] {logging_mixin.py:104} INFO - [2021-02-18 19:21:56,180] {dag.py:2273} INFO - Setting next_dagrun for example_trigger_target_dag to None
[2021-02-18 19:21:56,201] {scheduler_job.py:190} INFO - Processing /home/airflow/.local/lib/python3.6/site-packages/airflow/example_dags/example_trigger_target_dag.py took 0.092 seconds
[2021-02-18 19:22:26,588] {scheduler_job.py:182} INFO - Started process (PID=66) to work on /home/airflow/.local/lib/python3.6/site-packages/airflow/example_dags/example_trigger_target_dag.py
[2021-02-18 19:22:26,589] {scheduler_job.py:629} INFO - Processing file /home/airflow/.local/lib/python3.6/site-packages/airflow/example_dags/example_trigger_target_dag.py for tasks to queue
[2021-02-18 19:22:26,591] {logging_mixin.py:104} INFO - [2021-02-18 19:22:26,591] {dagbag.py:448} INFO - Filling up the DagBag from /home/airflow/.local/lib/python3.6/site-packages/airflow/example_dags/example_trigger_target_dag.py
[2021-02-18 19:22:26,600] {scheduler_job.py:639} INFO - DAG(s) dict_keys(['example_trigger_target_dag']) retrieved from /home/airflow/.local/lib/python3.6/site-packages/airflow/example_dags/example_trigger_target_dag.py
[2021-02-18 19:22:26,619] {logging_mixin.py:104} INFO - [2021-02-18 19:22:26,619] {dag.py:1818} INFO - Sync 1 DAGs
[2021-02-18 19:22:26,636] {logging_mixin.py:104} INFO - [2021-02-18 19:22:26,636] {dag.py:2273} INFO - Setting next_dagrun for example_trigger_target_dag to None
[2021-02-18 19:22:26,646] {scheduler_job.py:190} INFO - Processing /home/airflow/.local/lib/python3.6/site-packages/airflow/example_dags/example_trigger_target_dag.py took 0.062 seconds
[2021-02-18 19:22:56,828] {scheduler_job.py:182} INFO - Started process (PID=90) to work on /home/airflow/.local/lib/python3.6/site-packages/airflow/example_dags/example_trigger_target_dag.py
[2021-02-18 19:22:56,830] {scheduler_job.py:629} INFO - Processing file /home/airflow/.local/lib/python3.6/site-packages/airflow/example_dags/example_trigger_target_dag.py for tasks to queue
[2021-02-18 19:22:56,832] {logging_mixin.py:104} INFO - [2021-02-18 19:22:56,831] {dagbag.py:448} INFO - Filling up the DagBag from /home/airflow/.local/lib/python3.6/site-packages/airflow/example_dags/example_trigger_target_dag.py
[2021-02-18 19:22:56,840] {scheduler_job.py:639} INFO - DAG(s) dict_keys(['example_trigger_target_dag']) retrieved from /home/airflow/.local/lib/python3.6/site-packages/airflow/example_dags/example_trigger_target_dag.py
[2021-02-18 19:22:56,864] {logging_mixin.py:104} INFO - [2021-02-18 19:22:56,864] {dag.py:1818} INFO - Sync 1 DAGs
[2021-02-18 19:22:56,878] {logging_mixin.py:104} INFO - [2021-02-18 19:22:56,878] {dag.py:2273} INFO - Setting next_dagrun for example_trigger_target_dag to None
[2021-02-18 19:22:56,887] {scheduler_job.py:190} INFO - Processing /home/airflow/.local/lib/python3.6/site-packages/airflow/example_dags/example_trigger_target_dag.py took 0.063 seconds
[2021-02-18 22:26:44,061] {scheduler_job.py:182} INFO - Started process (PID=53) to work on /home/airflow/.local/lib/python3.6/site-packages/airflow/example_dags/example_trigger_target_dag.py
[2021-02-18 22:26:44,083] {scheduler_job.py:629} INFO - Processing file /home/airflow/.local/lib/python3.6/site-packages/airflow/example_dags/example_trigger_target_dag.py for tasks to queue
[2021-02-18 22:26:44,084] {logging_mixin.py:104} INFO - [2021-02-18 22:26:44,084] {dagbag.py:448} INFO - Filling up the DagBag from /home/airflow/.local/lib/python3.6/site-packages/airflow/example_dags/example_trigger_target_dag.py
[2021-02-18 22:26:44,100] {scheduler_job.py:639} INFO - DAG(s) dict_keys(['example_trigger_target_dag']) retrieved from /home/airflow/.local/lib/python3.6/site-packages/airflow/example_dags/example_trigger_target_dag.py
[2021-02-18 22:26:44,131] {logging_mixin.py:104} INFO - [2021-02-18 22:26:44,131] {dag.py:1818} INFO - Sync 1 DAGs
[2021-02-18 22:26:44,142] {logging_mixin.py:104} INFO - [2021-02-18 22:26:44,141] {dag.py:1837} INFO - Creating ORM DAG for example_trigger_target_dag
[2021-02-18 22:26:44,148] {logging_mixin.py:104} INFO - [2021-02-18 22:26:44,148] {dag.py:2273} INFO - Setting next_dagrun for example_trigger_target_dag to None
[2021-02-18 22:26:44,167] {scheduler_job.py:190} INFO - Processing /home/airflow/.local/lib/python3.6/site-packages/airflow/example_dags/example_trigger_target_dag.py took 0.109 seconds
[2021-02-18 22:27:14,458] {scheduler_job.py:182} INFO - Started process (PID=77) to work on /home/airflow/.local/lib/python3.6/site-packages/airflow/example_dags/example_trigger_target_dag.py
[2021-02-18 22:27:14,459] {scheduler_job.py:629} INFO - Processing file /home/airflow/.local/lib/python3.6/site-packages/airflow/example_dags/example_trigger_target_dag.py for tasks to queue
[2021-02-18 22:27:14,459] {logging_mixin.py:104} INFO - [2021-02-18 22:27:14,459] {dagbag.py:448} INFO - Filling up the DagBag from /home/airflow/.local/lib/python3.6/site-packages/airflow/example_dags/example_trigger_target_dag.py
[2021-02-18 22:27:14,469] {scheduler_job.py:639} INFO - DAG(s) dict_keys(['example_trigger_target_dag']) retrieved from /home/airflow/.local/lib/python3.6/site-packages/airflow/example_dags/example_trigger_target_dag.py
[2021-02-18 22:27:14,498] {logging_mixin.py:104} INFO - [2021-02-18 22:27:14,498] {dag.py:1818} INFO - Sync 1 DAGs
[2021-02-18 22:27:14,512] {logging_mixin.py:104} INFO - [2021-02-18 22:27:14,512] {dag.py:2273} INFO - Setting next_dagrun for example_trigger_target_dag to None
[2021-02-18 22:27:14,522] {scheduler_job.py:190} INFO - Processing /home/airflow/.local/lib/python3.6/site-packages/airflow/example_dags/example_trigger_target_dag.py took 0.067 seconds
