[2021-02-18 19:21:55,966] {scheduler_job.py:182} INFO - Started process (PID=37) to work on /home/airflow/.local/lib/python3.6/site-packages/airflow/example_dags/example_trigger_controller_dag.py
[2021-02-18 19:21:55,967] {scheduler_job.py:629} INFO - Processing file /home/airflow/.local/lib/python3.6/site-packages/airflow/example_dags/example_trigger_controller_dag.py for tasks to queue
[2021-02-18 19:21:55,968] {logging_mixin.py:104} INFO - [2021-02-18 19:21:55,967] {dagbag.py:448} INFO - Filling up the DagBag from /home/airflow/.local/lib/python3.6/site-packages/airflow/example_dags/example_trigger_controller_dag.py
[2021-02-18 19:21:55,985] {scheduler_job.py:639} INFO - DAG(s) dict_keys(['example_trigger_controller_dag']) retrieved from /home/airflow/.local/lib/python3.6/site-packages/airflow/example_dags/example_trigger_controller_dag.py
[2021-02-18 19:21:56,017] {logging_mixin.py:104} INFO - [2021-02-18 19:21:56,017] {dag.py:1818} INFO - Sync 1 DAGs
[2021-02-18 19:21:56,030] {logging_mixin.py:104} INFO - [2021-02-18 19:21:56,030] {dag.py:1837} INFO - Creating ORM DAG for example_trigger_controller_dag
[2021-02-18 19:21:56,039] {logging_mixin.py:104} INFO - [2021-02-18 19:21:56,039] {dag.py:2273} INFO - Setting next_dagrun for example_trigger_controller_dag to 2021-02-16 00:00:00+00:00
[2021-02-18 19:21:56,076] {scheduler_job.py:190} INFO - Processing /home/airflow/.local/lib/python3.6/site-packages/airflow/example_dags/example_trigger_controller_dag.py took 0.114 seconds
[2021-02-18 19:22:26,489] {scheduler_job.py:182} INFO - Started process (PID=63) to work on /home/airflow/.local/lib/python3.6/site-packages/airflow/example_dags/example_trigger_controller_dag.py
[2021-02-18 19:22:26,490] {scheduler_job.py:629} INFO - Processing file /home/airflow/.local/lib/python3.6/site-packages/airflow/example_dags/example_trigger_controller_dag.py for tasks to queue
[2021-02-18 19:22:26,490] {logging_mixin.py:104} INFO - [2021-02-18 19:22:26,490] {dagbag.py:448} INFO - Filling up the DagBag from /home/airflow/.local/lib/python3.6/site-packages/airflow/example_dags/example_trigger_controller_dag.py
[2021-02-18 19:22:26,500] {scheduler_job.py:639} INFO - DAG(s) dict_keys(['example_trigger_controller_dag']) retrieved from /home/airflow/.local/lib/python3.6/site-packages/airflow/example_dags/example_trigger_controller_dag.py
[2021-02-18 19:22:26,519] {logging_mixin.py:104} INFO - [2021-02-18 19:22:26,519] {dag.py:1818} INFO - Sync 1 DAGs
[2021-02-18 19:22:26,535] {logging_mixin.py:104} INFO - [2021-02-18 19:22:26,535] {dag.py:2273} INFO - Setting next_dagrun for example_trigger_controller_dag to 2021-02-16 00:00:00+00:00
[2021-02-18 19:22:26,544] {scheduler_job.py:190} INFO - Processing /home/airflow/.local/lib/python3.6/site-packages/airflow/example_dags/example_trigger_controller_dag.py took 0.059 seconds
[2021-02-18 19:22:56,736] {scheduler_job.py:182} INFO - Started process (PID=87) to work on /home/airflow/.local/lib/python3.6/site-packages/airflow/example_dags/example_trigger_controller_dag.py
[2021-02-18 19:22:56,738] {scheduler_job.py:629} INFO - Processing file /home/airflow/.local/lib/python3.6/site-packages/airflow/example_dags/example_trigger_controller_dag.py for tasks to queue
[2021-02-18 19:22:56,739] {logging_mixin.py:104} INFO - [2021-02-18 19:22:56,739] {dagbag.py:448} INFO - Filling up the DagBag from /home/airflow/.local/lib/python3.6/site-packages/airflow/example_dags/example_trigger_controller_dag.py
[2021-02-18 19:22:56,746] {scheduler_job.py:639} INFO - DAG(s) dict_keys(['example_trigger_controller_dag']) retrieved from /home/airflow/.local/lib/python3.6/site-packages/airflow/example_dags/example_trigger_controller_dag.py
[2021-02-18 19:22:56,763] {logging_mixin.py:104} INFO - [2021-02-18 19:22:56,763] {dag.py:1818} INFO - Sync 1 DAGs
[2021-02-18 19:22:56,776] {logging_mixin.py:104} INFO - [2021-02-18 19:22:56,776] {dag.py:2273} INFO - Setting next_dagrun for example_trigger_controller_dag to 2021-02-16 00:00:00+00:00
[2021-02-18 19:22:56,787] {scheduler_job.py:190} INFO - Processing /home/airflow/.local/lib/python3.6/site-packages/airflow/example_dags/example_trigger_controller_dag.py took 0.056 seconds
[2021-02-18 22:26:44,138] {scheduler_job.py:182} INFO - Started process (PID=54) to work on /home/airflow/.local/lib/python3.6/site-packages/airflow/example_dags/example_trigger_controller_dag.py
[2021-02-18 22:26:44,139] {scheduler_job.py:629} INFO - Processing file /home/airflow/.local/lib/python3.6/site-packages/airflow/example_dags/example_trigger_controller_dag.py for tasks to queue
[2021-02-18 22:26:44,140] {logging_mixin.py:104} INFO - [2021-02-18 22:26:44,140] {dagbag.py:448} INFO - Filling up the DagBag from /home/airflow/.local/lib/python3.6/site-packages/airflow/example_dags/example_trigger_controller_dag.py
[2021-02-18 22:26:44,157] {scheduler_job.py:639} INFO - DAG(s) dict_keys(['example_trigger_controller_dag']) retrieved from /home/airflow/.local/lib/python3.6/site-packages/airflow/example_dags/example_trigger_controller_dag.py
[2021-02-18 22:26:44,189] {logging_mixin.py:104} INFO - [2021-02-18 22:26:44,189] {dag.py:1818} INFO - Sync 1 DAGs
[2021-02-18 22:26:44,203] {logging_mixin.py:104} INFO - [2021-02-18 22:26:44,203] {dag.py:1837} INFO - Creating ORM DAG for example_trigger_controller_dag
[2021-02-18 22:26:44,212] {logging_mixin.py:104} INFO - [2021-02-18 22:26:44,211] {dag.py:2273} INFO - Setting next_dagrun for example_trigger_controller_dag to 2021-02-16 00:00:00+00:00
[2021-02-18 22:26:44,230] {scheduler_job.py:190} INFO - Processing /home/airflow/.local/lib/python3.6/site-packages/airflow/example_dags/example_trigger_controller_dag.py took 0.096 seconds
[2021-02-18 22:27:14,509] {scheduler_job.py:182} INFO - Started process (PID=78) to work on /home/airflow/.local/lib/python3.6/site-packages/airflow/example_dags/example_trigger_controller_dag.py
[2021-02-18 22:27:14,511] {scheduler_job.py:629} INFO - Processing file /home/airflow/.local/lib/python3.6/site-packages/airflow/example_dags/example_trigger_controller_dag.py for tasks to queue
[2021-02-18 22:27:14,512] {logging_mixin.py:104} INFO - [2021-02-18 22:27:14,512] {dagbag.py:448} INFO - Filling up the DagBag from /home/airflow/.local/lib/python3.6/site-packages/airflow/example_dags/example_trigger_controller_dag.py
[2021-02-18 22:27:14,518] {scheduler_job.py:639} INFO - DAG(s) dict_keys(['example_trigger_controller_dag']) retrieved from /home/airflow/.local/lib/python3.6/site-packages/airflow/example_dags/example_trigger_controller_dag.py
[2021-02-18 22:27:14,547] {logging_mixin.py:104} INFO - [2021-02-18 22:27:14,547] {dag.py:1818} INFO - Sync 1 DAGs
[2021-02-18 22:27:14,562] {logging_mixin.py:104} INFO - [2021-02-18 22:27:14,562] {dag.py:2273} INFO - Setting next_dagrun for example_trigger_controller_dag to 2021-02-16 00:00:00+00:00
[2021-02-18 22:27:14,572] {scheduler_job.py:190} INFO - Processing /home/airflow/.local/lib/python3.6/site-packages/airflow/example_dags/example_trigger_controller_dag.py took 0.067 seconds
