[2021-02-18 19:21:56,334] {scheduler_job.py:182} INFO - Started process (PID=44) to work on /home/airflow/.local/lib/python3.6/site-packages/airflow/example_dags/example_dag_decorator.py
[2021-02-18 19:21:56,335] {scheduler_job.py:629} INFO - Processing file /home/airflow/.local/lib/python3.6/site-packages/airflow/example_dags/example_dag_decorator.py for tasks to queue
[2021-02-18 19:21:56,336] {logging_mixin.py:104} INFO - [2021-02-18 19:21:56,336] {dagbag.py:448} INFO - Filling up the DagBag from /home/airflow/.local/lib/python3.6/site-packages/airflow/example_dags/example_dag_decorator.py
[2021-02-18 19:21:56,362] {scheduler_job.py:639} INFO - DAG(s) dict_keys(['example_dag_decorator']) retrieved from /home/airflow/.local/lib/python3.6/site-packages/airflow/example_dags/example_dag_decorator.py
[2021-02-18 19:21:56,390] {logging_mixin.py:104} INFO - [2021-02-18 19:21:56,390] {dag.py:1818} INFO - Sync 1 DAGs
[2021-02-18 19:21:56,403] {logging_mixin.py:104} INFO - [2021-02-18 19:21:56,403] {dag.py:1837} INFO - Creating ORM DAG for example_dag_decorator
[2021-02-18 19:21:56,409] {logging_mixin.py:104} INFO - [2021-02-18 19:21:56,409] {dag.py:2273} INFO - Setting next_dagrun for example_dag_decorator to None
[2021-02-18 19:21:56,432] {scheduler_job.py:190} INFO - Processing /home/airflow/.local/lib/python3.6/site-packages/airflow/example_dags/example_dag_decorator.py took 0.101 seconds
[2021-02-18 19:22:26,922] {scheduler_job.py:182} INFO - Started process (PID=74) to work on /home/airflow/.local/lib/python3.6/site-packages/airflow/example_dags/example_dag_decorator.py
[2021-02-18 19:22:26,923] {scheduler_job.py:629} INFO - Processing file /home/airflow/.local/lib/python3.6/site-packages/airflow/example_dags/example_dag_decorator.py for tasks to queue
[2021-02-18 19:22:26,924] {logging_mixin.py:104} INFO - [2021-02-18 19:22:26,923] {dagbag.py:448} INFO - Filling up the DagBag from /home/airflow/.local/lib/python3.6/site-packages/airflow/example_dags/example_dag_decorator.py
[2021-02-18 19:22:26,939] {scheduler_job.py:639} INFO - DAG(s) dict_keys(['example_dag_decorator']) retrieved from /home/airflow/.local/lib/python3.6/site-packages/airflow/example_dags/example_dag_decorator.py
[2021-02-18 19:22:26,963] {logging_mixin.py:104} INFO - [2021-02-18 19:22:26,963] {dag.py:1818} INFO - Sync 1 DAGs
[2021-02-18 19:22:26,979] {logging_mixin.py:104} INFO - [2021-02-18 19:22:26,979] {dag.py:2273} INFO - Setting next_dagrun for example_dag_decorator to None
[2021-02-18 19:22:26,990] {scheduler_job.py:190} INFO - Processing /home/airflow/.local/lib/python3.6/site-packages/airflow/example_dags/example_dag_decorator.py took 0.071 seconds
[2021-02-18 19:22:57,146] {scheduler_job.py:182} INFO - Started process (PID=96) to work on /home/airflow/.local/lib/python3.6/site-packages/airflow/example_dags/example_dag_decorator.py
[2021-02-18 19:22:57,147] {scheduler_job.py:629} INFO - Processing file /home/airflow/.local/lib/python3.6/site-packages/airflow/example_dags/example_dag_decorator.py for tasks to queue
[2021-02-18 19:22:57,148] {logging_mixin.py:104} INFO - [2021-02-18 19:22:57,148] {dagbag.py:448} INFO - Filling up the DagBag from /home/airflow/.local/lib/python3.6/site-packages/airflow/example_dags/example_dag_decorator.py
[2021-02-18 19:22:57,161] {scheduler_job.py:639} INFO - DAG(s) dict_keys(['example_dag_decorator']) retrieved from /home/airflow/.local/lib/python3.6/site-packages/airflow/example_dags/example_dag_decorator.py
[2021-02-18 19:22:57,187] {logging_mixin.py:104} INFO - [2021-02-18 19:22:57,187] {dag.py:1818} INFO - Sync 1 DAGs
[2021-02-18 19:22:57,203] {logging_mixin.py:104} INFO - [2021-02-18 19:22:57,203] {dag.py:2273} INFO - Setting next_dagrun for example_dag_decorator to None
[2021-02-18 19:22:57,214] {scheduler_job.py:190} INFO - Processing /home/airflow/.local/lib/python3.6/site-packages/airflow/example_dags/example_dag_decorator.py took 0.071 seconds
[2021-02-18 22:26:44,487] {scheduler_job.py:182} INFO - Started process (PID=59) to work on /home/airflow/.local/lib/python3.6/site-packages/airflow/example_dags/example_dag_decorator.py
[2021-02-18 22:26:44,488] {scheduler_job.py:629} INFO - Processing file /home/airflow/.local/lib/python3.6/site-packages/airflow/example_dags/example_dag_decorator.py for tasks to queue
[2021-02-18 22:26:44,489] {logging_mixin.py:104} INFO - [2021-02-18 22:26:44,489] {dagbag.py:448} INFO - Filling up the DagBag from /home/airflow/.local/lib/python3.6/site-packages/airflow/example_dags/example_dag_decorator.py
[2021-02-18 22:26:44,511] {scheduler_job.py:639} INFO - DAG(s) dict_keys(['example_dag_decorator']) retrieved from /home/airflow/.local/lib/python3.6/site-packages/airflow/example_dags/example_dag_decorator.py
[2021-02-18 22:26:44,548] {logging_mixin.py:104} INFO - [2021-02-18 22:26:44,548] {dag.py:1818} INFO - Sync 1 DAGs
[2021-02-18 22:26:44,562] {logging_mixin.py:104} INFO - [2021-02-18 22:26:44,561] {dag.py:1837} INFO - Creating ORM DAG for example_dag_decorator
[2021-02-18 22:26:44,570] {logging_mixin.py:104} INFO - [2021-02-18 22:26:44,570] {dag.py:2273} INFO - Setting next_dagrun for example_dag_decorator to None
[2021-02-18 22:26:44,593] {scheduler_job.py:190} INFO - Processing /home/airflow/.local/lib/python3.6/site-packages/airflow/example_dags/example_dag_decorator.py took 0.108 seconds
[2021-02-18 22:27:14,771] {scheduler_job.py:182} INFO - Started process (PID=84) to work on /home/airflow/.local/lib/python3.6/site-packages/airflow/example_dags/example_dag_decorator.py
[2021-02-18 22:27:14,772] {scheduler_job.py:629} INFO - Processing file /home/airflow/.local/lib/python3.6/site-packages/airflow/example_dags/example_dag_decorator.py for tasks to queue
[2021-02-18 22:27:14,773] {logging_mixin.py:104} INFO - [2021-02-18 22:27:14,773] {dagbag.py:448} INFO - Filling up the DagBag from /home/airflow/.local/lib/python3.6/site-packages/airflow/example_dags/example_dag_decorator.py
[2021-02-18 22:27:14,787] {scheduler_job.py:639} INFO - DAG(s) dict_keys(['example_dag_decorator']) retrieved from /home/airflow/.local/lib/python3.6/site-packages/airflow/example_dags/example_dag_decorator.py
[2021-02-18 22:27:14,820] {logging_mixin.py:104} INFO - [2021-02-18 22:27:14,820] {dag.py:1818} INFO - Sync 1 DAGs
[2021-02-18 22:27:14,835] {logging_mixin.py:104} INFO - [2021-02-18 22:27:14,835] {dag.py:2273} INFO - Setting next_dagrun for example_dag_decorator to None
[2021-02-18 22:27:14,847] {scheduler_job.py:190} INFO - Processing /home/airflow/.local/lib/python3.6/site-packages/airflow/example_dags/example_dag_decorator.py took 0.079 seconds
