[2021-02-18 19:21:56,203] {scheduler_job.py:182} INFO - Started process (PID=41) to work on /home/airflow/.local/lib/python3.6/site-packages/airflow/example_dags/example_branch_python_dop_operator_3.py
[2021-02-18 19:21:56,204] {scheduler_job.py:629} INFO - Processing file /home/airflow/.local/lib/python3.6/site-packages/airflow/example_dags/example_branch_python_dop_operator_3.py for tasks to queue
[2021-02-18 19:21:56,205] {logging_mixin.py:104} INFO - [2021-02-18 19:21:56,205] {dagbag.py:448} INFO - Filling up the DagBag from /home/airflow/.local/lib/python3.6/site-packages/airflow/example_dags/example_branch_python_dop_operator_3.py
[2021-02-18 19:21:56,223] {scheduler_job.py:639} INFO - DAG(s) dict_keys(['example_branch_dop_operator_v3']) retrieved from /home/airflow/.local/lib/python3.6/site-packages/airflow/example_dags/example_branch_python_dop_operator_3.py
[2021-02-18 19:21:56,250] {logging_mixin.py:104} INFO - [2021-02-18 19:21:56,250] {dag.py:1818} INFO - Sync 1 DAGs
[2021-02-18 19:21:56,263] {logging_mixin.py:104} INFO - [2021-02-18 19:21:56,262] {dag.py:1837} INFO - Creating ORM DAG for example_branch_dop_operator_v3
[2021-02-18 19:21:56,293] {logging_mixin.py:104} INFO - [2021-02-18 19:21:56,293] {dag.py:2273} INFO - Setting next_dagrun for example_branch_dop_operator_v3 to 2021-02-16 00:00:00+00:00
[2021-02-18 19:21:56,315] {scheduler_job.py:190} INFO - Processing /home/airflow/.local/lib/python3.6/site-packages/airflow/example_dags/example_branch_python_dop_operator_3.py took 0.116 seconds
[2021-02-18 19:22:26,642] {scheduler_job.py:182} INFO - Started process (PID=67) to work on /home/airflow/.local/lib/python3.6/site-packages/airflow/example_dags/example_branch_python_dop_operator_3.py
[2021-02-18 19:22:26,643] {scheduler_job.py:629} INFO - Processing file /home/airflow/.local/lib/python3.6/site-packages/airflow/example_dags/example_branch_python_dop_operator_3.py for tasks to queue
[2021-02-18 19:22:26,644] {logging_mixin.py:104} INFO - [2021-02-18 19:22:26,644] {dagbag.py:448} INFO - Filling up the DagBag from /home/airflow/.local/lib/python3.6/site-packages/airflow/example_dags/example_branch_python_dop_operator_3.py
[2021-02-18 19:22:26,656] {scheduler_job.py:639} INFO - DAG(s) dict_keys(['example_branch_dop_operator_v3']) retrieved from /home/airflow/.local/lib/python3.6/site-packages/airflow/example_dags/example_branch_python_dop_operator_3.py
[2021-02-18 19:22:26,676] {logging_mixin.py:104} INFO - [2021-02-18 19:22:26,676] {dag.py:1818} INFO - Sync 1 DAGs
[2021-02-18 19:22:26,711] {logging_mixin.py:104} INFO - [2021-02-18 19:22:26,711] {dag.py:2273} INFO - Setting next_dagrun for example_branch_dop_operator_v3 to 2021-02-16 00:00:00+00:00
[2021-02-18 19:22:26,718] {scheduler_job.py:190} INFO - Processing /home/airflow/.local/lib/python3.6/site-packages/airflow/example_dags/example_branch_python_dop_operator_3.py took 0.078 seconds
[2021-02-18 19:22:56,886] {scheduler_job.py:182} INFO - Started process (PID=91) to work on /home/airflow/.local/lib/python3.6/site-packages/airflow/example_dags/example_branch_python_dop_operator_3.py
[2021-02-18 19:22:56,888] {scheduler_job.py:629} INFO - Processing file /home/airflow/.local/lib/python3.6/site-packages/airflow/example_dags/example_branch_python_dop_operator_3.py for tasks to queue
[2021-02-18 19:22:56,889] {logging_mixin.py:104} INFO - [2021-02-18 19:22:56,889] {dagbag.py:448} INFO - Filling up the DagBag from /home/airflow/.local/lib/python3.6/site-packages/airflow/example_dags/example_branch_python_dop_operator_3.py
[2021-02-18 19:22:56,902] {scheduler_job.py:639} INFO - DAG(s) dict_keys(['example_branch_dop_operator_v3']) retrieved from /home/airflow/.local/lib/python3.6/site-packages/airflow/example_dags/example_branch_python_dop_operator_3.py
[2021-02-18 19:22:56,933] {logging_mixin.py:104} INFO - [2021-02-18 19:22:56,933] {dag.py:1818} INFO - Sync 1 DAGs
[2021-02-18 19:22:56,973] {logging_mixin.py:104} INFO - [2021-02-18 19:22:56,972] {dag.py:2273} INFO - Setting next_dagrun for example_branch_dop_operator_v3 to 2021-02-16 00:00:00+00:00
[2021-02-18 19:22:56,981] {scheduler_job.py:190} INFO - Processing /home/airflow/.local/lib/python3.6/site-packages/airflow/example_dags/example_branch_python_dop_operator_3.py took 0.099 seconds
[2021-02-18 22:26:43,876] {scheduler_job.py:182} INFO - Started process (PID=50) to work on /home/airflow/.local/lib/python3.6/site-packages/airflow/example_dags/example_branch_python_dop_operator_3.py
[2021-02-18 22:26:43,878] {scheduler_job.py:629} INFO - Processing file /home/airflow/.local/lib/python3.6/site-packages/airflow/example_dags/example_branch_python_dop_operator_3.py for tasks to queue
[2021-02-18 22:26:43,879] {logging_mixin.py:104} INFO - [2021-02-18 22:26:43,879] {dagbag.py:448} INFO - Filling up the DagBag from /home/airflow/.local/lib/python3.6/site-packages/airflow/example_dags/example_branch_python_dop_operator_3.py
[2021-02-18 22:26:43,894] {scheduler_job.py:639} INFO - DAG(s) dict_keys(['example_branch_dop_operator_v3']) retrieved from /home/airflow/.local/lib/python3.6/site-packages/airflow/example_dags/example_branch_python_dop_operator_3.py
[2021-02-18 22:26:43,933] {logging_mixin.py:104} INFO - [2021-02-18 22:26:43,933] {dag.py:1818} INFO - Sync 1 DAGs
[2021-02-18 22:26:43,949] {logging_mixin.py:104} INFO - [2021-02-18 22:26:43,948] {dag.py:1837} INFO - Creating ORM DAG for example_branch_dop_operator_v3
[2021-02-18 22:26:43,980] {logging_mixin.py:104} INFO - [2021-02-18 22:26:43,980] {dag.py:2273} INFO - Setting next_dagrun for example_branch_dop_operator_v3 to 2021-02-16 00:00:00+00:00
[2021-02-18 22:26:43,999] {scheduler_job.py:190} INFO - Processing /home/airflow/.local/lib/python3.6/site-packages/airflow/example_dags/example_branch_python_dop_operator_3.py took 0.127 seconds
[2021-02-18 22:27:14,324] {scheduler_job.py:182} INFO - Started process (PID=74) to work on /home/airflow/.local/lib/python3.6/site-packages/airflow/example_dags/example_branch_python_dop_operator_3.py
[2021-02-18 22:27:14,326] {scheduler_job.py:629} INFO - Processing file /home/airflow/.local/lib/python3.6/site-packages/airflow/example_dags/example_branch_python_dop_operator_3.py for tasks to queue
[2021-02-18 22:27:14,327] {logging_mixin.py:104} INFO - [2021-02-18 22:27:14,327] {dagbag.py:448} INFO - Filling up the DagBag from /home/airflow/.local/lib/python3.6/site-packages/airflow/example_dags/example_branch_python_dop_operator_3.py
[2021-02-18 22:27:14,338] {scheduler_job.py:639} INFO - DAG(s) dict_keys(['example_branch_dop_operator_v3']) retrieved from /home/airflow/.local/lib/python3.6/site-packages/airflow/example_dags/example_branch_python_dop_operator_3.py
[2021-02-18 22:27:14,364] {logging_mixin.py:104} INFO - [2021-02-18 22:27:14,364] {dag.py:1818} INFO - Sync 1 DAGs
[2021-02-18 22:27:14,397] {logging_mixin.py:104} INFO - [2021-02-18 22:27:14,397] {dag.py:2273} INFO - Setting next_dagrun for example_branch_dop_operator_v3 to 2021-02-16 00:00:00+00:00
[2021-02-18 22:27:14,405] {scheduler_job.py:190} INFO - Processing /home/airflow/.local/lib/python3.6/site-packages/airflow/example_dags/example_branch_python_dop_operator_3.py took 0.086 seconds
