[2021-02-18 19:21:56,952] {scheduler_job.py:182} INFO - Started process (PID=55) to work on /home/airflow/.local/lib/python3.6/site-packages/airflow/example_dags/example_branch_operator.py
[2021-02-18 19:21:56,954] {scheduler_job.py:629} INFO - Processing file /home/airflow/.local/lib/python3.6/site-packages/airflow/example_dags/example_branch_operator.py for tasks to queue
[2021-02-18 19:21:56,954] {logging_mixin.py:104} INFO - [2021-02-18 19:21:56,954] {dagbag.py:448} INFO - Filling up the DagBag from /home/airflow/.local/lib/python3.6/site-packages/airflow/example_dags/example_branch_operator.py
[2021-02-18 19:21:56,973] {scheduler_job.py:639} INFO - DAG(s) dict_keys(['example_branch_operator']) retrieved from /home/airflow/.local/lib/python3.6/site-packages/airflow/example_dags/example_branch_operator.py
[2021-02-18 19:21:57,011] {logging_mixin.py:104} INFO - [2021-02-18 19:21:57,011] {dag.py:1818} INFO - Sync 1 DAGs
[2021-02-18 19:21:57,030] {logging_mixin.py:104} INFO - [2021-02-18 19:21:57,030] {dag.py:1837} INFO - Creating ORM DAG for example_branch_operator
[2021-02-18 19:21:57,050] {logging_mixin.py:104} INFO - [2021-02-18 19:21:57,049] {dag.py:2273} INFO - Setting next_dagrun for example_branch_operator to 2021-02-16 00:00:00+00:00
[2021-02-18 19:21:57,077] {scheduler_job.py:190} INFO - Processing /home/airflow/.local/lib/python3.6/site-packages/airflow/example_dags/example_branch_operator.py took 0.128 seconds
[2021-02-18 19:22:27,313] {scheduler_job.py:182} INFO - Started process (PID=81) to work on /home/airflow/.local/lib/python3.6/site-packages/airflow/example_dags/example_branch_operator.py
[2021-02-18 19:22:27,314] {scheduler_job.py:629} INFO - Processing file /home/airflow/.local/lib/python3.6/site-packages/airflow/example_dags/example_branch_operator.py for tasks to queue
[2021-02-18 19:22:27,315] {logging_mixin.py:104} INFO - [2021-02-18 19:22:27,315] {dagbag.py:448} INFO - Filling up the DagBag from /home/airflow/.local/lib/python3.6/site-packages/airflow/example_dags/example_branch_operator.py
[2021-02-18 19:22:27,326] {scheduler_job.py:639} INFO - DAG(s) dict_keys(['example_branch_operator']) retrieved from /home/airflow/.local/lib/python3.6/site-packages/airflow/example_dags/example_branch_operator.py
[2021-02-18 19:22:27,348] {logging_mixin.py:104} INFO - [2021-02-18 19:22:27,348] {dag.py:1818} INFO - Sync 1 DAGs
[2021-02-18 19:22:27,372] {logging_mixin.py:104} INFO - [2021-02-18 19:22:27,372] {dag.py:2273} INFO - Setting next_dagrun for example_branch_operator to 2021-02-16 00:00:00+00:00
[2021-02-18 19:22:27,381] {scheduler_job.py:190} INFO - Processing /home/airflow/.local/lib/python3.6/site-packages/airflow/example_dags/example_branch_operator.py took 0.072 seconds
[2021-02-18 19:22:57,548] {scheduler_job.py:182} INFO - Started process (PID=107) to work on /home/airflow/.local/lib/python3.6/site-packages/airflow/example_dags/example_branch_operator.py
[2021-02-18 19:22:57,549] {scheduler_job.py:629} INFO - Processing file /home/airflow/.local/lib/python3.6/site-packages/airflow/example_dags/example_branch_operator.py for tasks to queue
[2021-02-18 19:22:57,550] {logging_mixin.py:104} INFO - [2021-02-18 19:22:57,550] {dagbag.py:448} INFO - Filling up the DagBag from /home/airflow/.local/lib/python3.6/site-packages/airflow/example_dags/example_branch_operator.py
[2021-02-18 19:22:57,563] {scheduler_job.py:639} INFO - DAG(s) dict_keys(['example_branch_operator']) retrieved from /home/airflow/.local/lib/python3.6/site-packages/airflow/example_dags/example_branch_operator.py
[2021-02-18 19:22:57,583] {logging_mixin.py:104} INFO - [2021-02-18 19:22:57,582] {dag.py:1818} INFO - Sync 1 DAGs
[2021-02-18 19:22:57,607] {logging_mixin.py:104} INFO - [2021-02-18 19:22:57,607] {dag.py:2273} INFO - Setting next_dagrun for example_branch_operator to 2021-02-16 00:00:00+00:00
[2021-02-18 19:22:57,618] {scheduler_job.py:190} INFO - Processing /home/airflow/.local/lib/python3.6/site-packages/airflow/example_dags/example_branch_operator.py took 0.072 seconds
[2021-02-18 22:26:43,597] {scheduler_job.py:182} INFO - Started process (PID=46) to work on /home/airflow/.local/lib/python3.6/site-packages/airflow/example_dags/example_branch_operator.py
[2021-02-18 22:26:43,629] {scheduler_job.py:629} INFO - Processing file /home/airflow/.local/lib/python3.6/site-packages/airflow/example_dags/example_branch_operator.py for tasks to queue
[2021-02-18 22:26:43,630] {logging_mixin.py:104} INFO - [2021-02-18 22:26:43,629] {dagbag.py:448} INFO - Filling up the DagBag from /home/airflow/.local/lib/python3.6/site-packages/airflow/example_dags/example_branch_operator.py
[2021-02-18 22:26:43,651] {scheduler_job.py:639} INFO - DAG(s) dict_keys(['example_branch_operator']) retrieved from /home/airflow/.local/lib/python3.6/site-packages/airflow/example_dags/example_branch_operator.py
[2021-02-18 22:26:43,692] {logging_mixin.py:104} INFO - [2021-02-18 22:26:43,692] {dag.py:1818} INFO - Sync 1 DAGs
[2021-02-18 22:26:43,705] {logging_mixin.py:104} INFO - [2021-02-18 22:26:43,705] {dag.py:1837} INFO - Creating ORM DAG for example_branch_operator
[2021-02-18 22:26:43,721] {logging_mixin.py:104} INFO - [2021-02-18 22:26:43,720] {dag.py:2273} INFO - Setting next_dagrun for example_branch_operator to 2021-02-16 00:00:00+00:00
[2021-02-18 22:26:43,740] {scheduler_job.py:190} INFO - Processing /home/airflow/.local/lib/python3.6/site-packages/airflow/example_dags/example_branch_operator.py took 0.147 seconds
[2021-02-18 22:27:14,537] {scheduler_job.py:182} INFO - Started process (PID=79) to work on /home/airflow/.local/lib/python3.6/site-packages/airflow/example_dags/example_branch_operator.py
[2021-02-18 22:27:14,538] {scheduler_job.py:629} INFO - Processing file /home/airflow/.local/lib/python3.6/site-packages/airflow/example_dags/example_branch_operator.py for tasks to queue
[2021-02-18 22:27:14,538] {logging_mixin.py:104} INFO - [2021-02-18 22:27:14,538] {dagbag.py:448} INFO - Filling up the DagBag from /home/airflow/.local/lib/python3.6/site-packages/airflow/example_dags/example_branch_operator.py
[2021-02-18 22:27:14,553] {scheduler_job.py:639} INFO - DAG(s) dict_keys(['example_branch_operator']) retrieved from /home/airflow/.local/lib/python3.6/site-packages/airflow/example_dags/example_branch_operator.py
[2021-02-18 22:27:14,584] {logging_mixin.py:104} INFO - [2021-02-18 22:27:14,584] {dag.py:1818} INFO - Sync 1 DAGs
[2021-02-18 22:27:14,607] {logging_mixin.py:104} INFO - [2021-02-18 22:27:14,607] {dag.py:2273} INFO - Setting next_dagrun for example_branch_operator to 2021-02-16 00:00:00+00:00
[2021-02-18 22:27:14,618] {scheduler_job.py:190} INFO - Processing /home/airflow/.local/lib/python3.6/site-packages/airflow/example_dags/example_branch_operator.py took 0.084 seconds
