[2021-02-18 19:21:56,845] {scheduler_job.py:182} INFO - Started process (PID=53) to work on /home/airflow/.local/lib/python3.6/site-packages/airflow/example_dags/example_task_group.py
[2021-02-18 19:21:56,846] {scheduler_job.py:629} INFO - Processing file /home/airflow/.local/lib/python3.6/site-packages/airflow/example_dags/example_task_group.py for tasks to queue
[2021-02-18 19:21:56,846] {logging_mixin.py:104} INFO - [2021-02-18 19:21:56,846] {dagbag.py:448} INFO - Filling up the DagBag from /home/airflow/.local/lib/python3.6/site-packages/airflow/example_dags/example_task_group.py
[2021-02-18 19:21:56,859] {scheduler_job.py:639} INFO - DAG(s) dict_keys(['example_task_group']) retrieved from /home/airflow/.local/lib/python3.6/site-packages/airflow/example_dags/example_task_group.py
[2021-02-18 19:21:56,892] {logging_mixin.py:104} INFO - [2021-02-18 19:21:56,892] {dag.py:1818} INFO - Sync 1 DAGs
[2021-02-18 19:21:56,904] {logging_mixin.py:104} INFO - [2021-02-18 19:21:56,904] {dag.py:1837} INFO - Creating ORM DAG for example_task_group
[2021-02-18 19:21:56,910] {logging_mixin.py:104} INFO - [2021-02-18 19:21:56,910] {dag.py:2273} INFO - Setting next_dagrun for example_task_group to 2021-02-16 00:00:00+00:00
[2021-02-18 19:21:56,928] {scheduler_job.py:190} INFO - Processing /home/airflow/.local/lib/python3.6/site-packages/airflow/example_dags/example_task_group.py took 0.087 seconds
[2021-02-18 19:22:27,092] {scheduler_job.py:182} INFO - Started process (PID=76) to work on /home/airflow/.local/lib/python3.6/site-packages/airflow/example_dags/example_task_group.py
[2021-02-18 19:22:27,094] {scheduler_job.py:629} INFO - Processing file /home/airflow/.local/lib/python3.6/site-packages/airflow/example_dags/example_task_group.py for tasks to queue
[2021-02-18 19:22:27,095] {logging_mixin.py:104} INFO - [2021-02-18 19:22:27,094] {dagbag.py:448} INFO - Filling up the DagBag from /home/airflow/.local/lib/python3.6/site-packages/airflow/example_dags/example_task_group.py
[2021-02-18 19:22:27,105] {scheduler_job.py:639} INFO - DAG(s) dict_keys(['example_task_group']) retrieved from /home/airflow/.local/lib/python3.6/site-packages/airflow/example_dags/example_task_group.py
[2021-02-18 19:22:27,125] {logging_mixin.py:104} INFO - [2021-02-18 19:22:27,125] {dag.py:1818} INFO - Sync 1 DAGs
[2021-02-18 19:22:27,140] {logging_mixin.py:104} INFO - [2021-02-18 19:22:27,140] {dag.py:2273} INFO - Setting next_dagrun for example_task_group to 2021-02-16 00:00:00+00:00
[2021-02-18 19:22:27,148] {scheduler_job.py:190} INFO - Processing /home/airflow/.local/lib/python3.6/site-packages/airflow/example_dags/example_task_group.py took 0.062 seconds
[2021-02-18 19:22:57,325] {scheduler_job.py:182} INFO - Started process (PID=101) to work on /home/airflow/.local/lib/python3.6/site-packages/airflow/example_dags/example_task_group.py
[2021-02-18 19:22:57,326] {scheduler_job.py:629} INFO - Processing file /home/airflow/.local/lib/python3.6/site-packages/airflow/example_dags/example_task_group.py for tasks to queue
[2021-02-18 19:22:57,327] {logging_mixin.py:104} INFO - [2021-02-18 19:22:57,327] {dagbag.py:448} INFO - Filling up the DagBag from /home/airflow/.local/lib/python3.6/site-packages/airflow/example_dags/example_task_group.py
[2021-02-18 19:22:57,339] {scheduler_job.py:639} INFO - DAG(s) dict_keys(['example_task_group']) retrieved from /home/airflow/.local/lib/python3.6/site-packages/airflow/example_dags/example_task_group.py
[2021-02-18 19:22:57,360] {logging_mixin.py:104} INFO - [2021-02-18 19:22:57,360] {dag.py:1818} INFO - Sync 1 DAGs
[2021-02-18 19:22:57,373] {logging_mixin.py:104} INFO - [2021-02-18 19:22:57,373] {dag.py:2273} INFO - Setting next_dagrun for example_task_group to 2021-02-16 00:00:00+00:00
[2021-02-18 19:22:57,380] {scheduler_job.py:190} INFO - Processing /home/airflow/.local/lib/python3.6/site-packages/airflow/example_dags/example_task_group.py took 0.058 seconds
[2021-02-18 22:26:44,372] {scheduler_job.py:182} INFO - Started process (PID=58) to work on /home/airflow/.local/lib/python3.6/site-packages/airflow/example_dags/example_task_group.py
[2021-02-18 22:26:44,389] {scheduler_job.py:629} INFO - Processing file /home/airflow/.local/lib/python3.6/site-packages/airflow/example_dags/example_task_group.py for tasks to queue
[2021-02-18 22:26:44,390] {logging_mixin.py:104} INFO - [2021-02-18 22:26:44,390] {dagbag.py:448} INFO - Filling up the DagBag from /home/airflow/.local/lib/python3.6/site-packages/airflow/example_dags/example_task_group.py
[2021-02-18 22:26:44,404] {scheduler_job.py:639} INFO - DAG(s) dict_keys(['example_task_group']) retrieved from /home/airflow/.local/lib/python3.6/site-packages/airflow/example_dags/example_task_group.py
[2021-02-18 22:26:44,442] {logging_mixin.py:104} INFO - [2021-02-18 22:26:44,442] {dag.py:1818} INFO - Sync 1 DAGs
[2021-02-18 22:26:44,459] {logging_mixin.py:104} INFO - [2021-02-18 22:26:44,459] {dag.py:1837} INFO - Creating ORM DAG for example_task_group
[2021-02-18 22:26:44,469] {logging_mixin.py:104} INFO - [2021-02-18 22:26:44,469] {dag.py:2273} INFO - Setting next_dagrun for example_task_group to 2021-02-16 00:00:00+00:00
[2021-02-18 22:26:44,490] {scheduler_job.py:190} INFO - Processing /home/airflow/.local/lib/python3.6/site-packages/airflow/example_dags/example_task_group.py took 0.121 seconds
[2021-02-18 22:27:14,744] {scheduler_job.py:182} INFO - Started process (PID=83) to work on /home/airflow/.local/lib/python3.6/site-packages/airflow/example_dags/example_task_group.py
[2021-02-18 22:27:14,745] {scheduler_job.py:629} INFO - Processing file /home/airflow/.local/lib/python3.6/site-packages/airflow/example_dags/example_task_group.py for tasks to queue
[2021-02-18 22:27:14,745] {logging_mixin.py:104} INFO - [2021-02-18 22:27:14,745] {dagbag.py:448} INFO - Filling up the DagBag from /home/airflow/.local/lib/python3.6/site-packages/airflow/example_dags/example_task_group.py
[2021-02-18 22:27:14,758] {scheduler_job.py:639} INFO - DAG(s) dict_keys(['example_task_group']) retrieved from /home/airflow/.local/lib/python3.6/site-packages/airflow/example_dags/example_task_group.py
[2021-02-18 22:27:14,792] {logging_mixin.py:104} INFO - [2021-02-18 22:27:14,792] {dag.py:1818} INFO - Sync 1 DAGs
[2021-02-18 22:27:14,807] {logging_mixin.py:104} INFO - [2021-02-18 22:27:14,807] {dag.py:2273} INFO - Setting next_dagrun for example_task_group to 2021-02-16 00:00:00+00:00
[2021-02-18 22:27:14,818] {scheduler_job.py:190} INFO - Processing /home/airflow/.local/lib/python3.6/site-packages/airflow/example_dags/example_task_group.py took 0.077 seconds
