[2021-02-18 19:21:55,977] {scheduler_job.py:182} INFO - Started process (PID=38) to work on /home/airflow/.local/lib/python3.6/site-packages/airflow/example_dags/example_nested_branch_dag.py
[2021-02-18 19:21:55,978] {scheduler_job.py:629} INFO - Processing file /home/airflow/.local/lib/python3.6/site-packages/airflow/example_dags/example_nested_branch_dag.py for tasks to queue
[2021-02-18 19:21:55,979] {logging_mixin.py:104} INFO - [2021-02-18 19:21:55,979] {dagbag.py:448} INFO - Filling up the DagBag from /home/airflow/.local/lib/python3.6/site-packages/airflow/example_dags/example_nested_branch_dag.py
[2021-02-18 19:21:55,997] {scheduler_job.py:639} INFO - DAG(s) dict_keys(['example_nested_branch_dag']) retrieved from /home/airflow/.local/lib/python3.6/site-packages/airflow/example_dags/example_nested_branch_dag.py
[2021-02-18 19:21:56,032] {logging_mixin.py:104} INFO - [2021-02-18 19:21:56,032] {dag.py:1818} INFO - Sync 1 DAGs
[2021-02-18 19:21:56,048] {logging_mixin.py:104} INFO - [2021-02-18 19:21:56,048] {dag.py:1837} INFO - Creating ORM DAG for example_nested_branch_dag
[2021-02-18 19:21:56,070] {logging_mixin.py:104} INFO - [2021-02-18 19:21:56,070] {dag.py:2273} INFO - Setting next_dagrun for example_nested_branch_dag to 2021-02-16 00:00:00+00:00
[2021-02-18 19:21:56,092] {scheduler_job.py:190} INFO - Processing /home/airflow/.local/lib/python3.6/site-packages/airflow/example_dags/example_nested_branch_dag.py took 0.119 seconds
[2021-02-18 19:22:26,502] {scheduler_job.py:182} INFO - Started process (PID=64) to work on /home/airflow/.local/lib/python3.6/site-packages/airflow/example_dags/example_nested_branch_dag.py
[2021-02-18 19:22:26,503] {scheduler_job.py:629} INFO - Processing file /home/airflow/.local/lib/python3.6/site-packages/airflow/example_dags/example_nested_branch_dag.py for tasks to queue
[2021-02-18 19:22:26,503] {logging_mixin.py:104} INFO - [2021-02-18 19:22:26,503] {dagbag.py:448} INFO - Filling up the DagBag from /home/airflow/.local/lib/python3.6/site-packages/airflow/example_dags/example_nested_branch_dag.py
[2021-02-18 19:22:26,518] {scheduler_job.py:639} INFO - DAG(s) dict_keys(['example_nested_branch_dag']) retrieved from /home/airflow/.local/lib/python3.6/site-packages/airflow/example_dags/example_nested_branch_dag.py
[2021-02-18 19:22:26,539] {logging_mixin.py:104} INFO - [2021-02-18 19:22:26,539] {dag.py:1818} INFO - Sync 1 DAGs
[2021-02-18 19:22:26,560] {logging_mixin.py:104} INFO - [2021-02-18 19:22:26,560] {dag.py:2273} INFO - Setting next_dagrun for example_nested_branch_dag to 2021-02-16 00:00:00+00:00
[2021-02-18 19:22:26,570] {scheduler_job.py:190} INFO - Processing /home/airflow/.local/lib/python3.6/site-packages/airflow/example_dags/example_nested_branch_dag.py took 0.071 seconds
[2021-02-18 19:22:56,738] {scheduler_job.py:182} INFO - Started process (PID=88) to work on /home/airflow/.local/lib/python3.6/site-packages/airflow/example_dags/example_nested_branch_dag.py
[2021-02-18 19:22:56,739] {scheduler_job.py:629} INFO - Processing file /home/airflow/.local/lib/python3.6/site-packages/airflow/example_dags/example_nested_branch_dag.py for tasks to queue
[2021-02-18 19:22:56,740] {logging_mixin.py:104} INFO - [2021-02-18 19:22:56,740] {dagbag.py:448} INFO - Filling up the DagBag from /home/airflow/.local/lib/python3.6/site-packages/airflow/example_dags/example_nested_branch_dag.py
[2021-02-18 19:22:56,753] {scheduler_job.py:639} INFO - DAG(s) dict_keys(['example_nested_branch_dag']) retrieved from /home/airflow/.local/lib/python3.6/site-packages/airflow/example_dags/example_nested_branch_dag.py
[2021-02-18 19:22:56,778] {logging_mixin.py:104} INFO - [2021-02-18 19:22:56,778] {dag.py:1818} INFO - Sync 1 DAGs
[2021-02-18 19:22:56,801] {logging_mixin.py:104} INFO - [2021-02-18 19:22:56,801] {dag.py:2273} INFO - Setting next_dagrun for example_nested_branch_dag to 2021-02-16 00:00:00+00:00
[2021-02-18 19:22:56,810] {scheduler_job.py:190} INFO - Processing /home/airflow/.local/lib/python3.6/site-packages/airflow/example_dags/example_nested_branch_dag.py took 0.074 seconds
[2021-02-18 22:26:43,289] {scheduler_job.py:182} INFO - Started process (PID=42) to work on /home/airflow/.local/lib/python3.6/site-packages/airflow/example_dags/example_nested_branch_dag.py
[2021-02-18 22:26:43,291] {scheduler_job.py:629} INFO - Processing file /home/airflow/.local/lib/python3.6/site-packages/airflow/example_dags/example_nested_branch_dag.py for tasks to queue
[2021-02-18 22:26:43,291] {logging_mixin.py:104} INFO - [2021-02-18 22:26:43,291] {dagbag.py:448} INFO - Filling up the DagBag from /home/airflow/.local/lib/python3.6/site-packages/airflow/example_dags/example_nested_branch_dag.py
[2021-02-18 22:26:43,310] {scheduler_job.py:639} INFO - DAG(s) dict_keys(['example_nested_branch_dag']) retrieved from /home/airflow/.local/lib/python3.6/site-packages/airflow/example_dags/example_nested_branch_dag.py
[2021-02-18 22:26:43,341] {logging_mixin.py:104} INFO - [2021-02-18 22:26:43,341] {dag.py:1818} INFO - Sync 1 DAGs
[2021-02-18 22:26:43,353] {logging_mixin.py:104} INFO - [2021-02-18 22:26:43,353] {dag.py:1837} INFO - Creating ORM DAG for example_nested_branch_dag
[2021-02-18 22:26:43,369] {logging_mixin.py:104} INFO - [2021-02-18 22:26:43,369] {dag.py:2273} INFO - Setting next_dagrun for example_nested_branch_dag to 2021-02-16 00:00:00+00:00
[2021-02-18 22:26:43,390] {scheduler_job.py:190} INFO - Processing /home/airflow/.local/lib/python3.6/site-packages/airflow/example_dags/example_nested_branch_dag.py took 0.105 seconds
[2021-02-18 22:27:14,103] {scheduler_job.py:182} INFO - Started process (PID=68) to work on /home/airflow/.local/lib/python3.6/site-packages/airflow/example_dags/example_nested_branch_dag.py
[2021-02-18 22:27:14,104] {scheduler_job.py:629} INFO - Processing file /home/airflow/.local/lib/python3.6/site-packages/airflow/example_dags/example_nested_branch_dag.py for tasks to queue
[2021-02-18 22:27:14,105] {logging_mixin.py:104} INFO - [2021-02-18 22:27:14,105] {dagbag.py:448} INFO - Filling up the DagBag from /home/airflow/.local/lib/python3.6/site-packages/airflow/example_dags/example_nested_branch_dag.py
[2021-02-18 22:27:14,122] {scheduler_job.py:639} INFO - DAG(s) dict_keys(['example_nested_branch_dag']) retrieved from /home/airflow/.local/lib/python3.6/site-packages/airflow/example_dags/example_nested_branch_dag.py
[2021-02-18 22:27:14,147] {logging_mixin.py:104} INFO - [2021-02-18 22:27:14,147] {dag.py:1818} INFO - Sync 1 DAGs
[2021-02-18 22:27:14,177] {logging_mixin.py:104} INFO - [2021-02-18 22:27:14,177] {dag.py:2273} INFO - Setting next_dagrun for example_nested_branch_dag to 2021-02-16 00:00:00+00:00
[2021-02-18 22:27:14,185] {scheduler_job.py:190} INFO - Processing /home/airflow/.local/lib/python3.6/site-packages/airflow/example_dags/example_nested_branch_dag.py took 0.085 seconds
