[2021-02-18 19:21:55,847] {scheduler_job.py:182} INFO - Started process (PID=36) to work on /home/airflow/.local/lib/python3.6/site-packages/airflow/example_dags/example_xcom.py
[2021-02-18 19:21:55,848] {scheduler_job.py:629} INFO - Processing file /home/airflow/.local/lib/python3.6/site-packages/airflow/example_dags/example_xcom.py for tasks to queue
[2021-02-18 19:21:55,849] {logging_mixin.py:104} INFO - [2021-02-18 19:21:55,849] {dagbag.py:448} INFO - Filling up the DagBag from /home/airflow/.local/lib/python3.6/site-packages/airflow/example_dags/example_xcom.py
[2021-02-18 19:21:55,877] {scheduler_job.py:639} INFO - DAG(s) dict_keys(['example_xcom']) retrieved from /home/airflow/.local/lib/python3.6/site-packages/airflow/example_dags/example_xcom.py
[2021-02-18 19:21:55,903] {logging_mixin.py:104} INFO - [2021-02-18 19:21:55,903] {dag.py:1818} INFO - Sync 1 DAGs
[2021-02-18 19:21:55,917] {logging_mixin.py:104} INFO - [2021-02-18 19:21:55,917] {dag.py:1837} INFO - Creating ORM DAG for example_xcom
[2021-02-18 19:21:55,925] {logging_mixin.py:104} INFO - [2021-02-18 19:21:55,925] {dag.py:2273} INFO - Setting next_dagrun for example_xcom to 2021-02-16 00:00:00+00:00
[2021-02-18 19:21:55,946] {scheduler_job.py:190} INFO - Processing /home/airflow/.local/lib/python3.6/site-packages/airflow/example_dags/example_xcom.py took 0.101 seconds
[2021-02-18 19:22:26,418] {scheduler_job.py:182} INFO - Started process (PID=62) to work on /home/airflow/.local/lib/python3.6/site-packages/airflow/example_dags/example_xcom.py
[2021-02-18 19:22:26,419] {scheduler_job.py:629} INFO - Processing file /home/airflow/.local/lib/python3.6/site-packages/airflow/example_dags/example_xcom.py for tasks to queue
[2021-02-18 19:22:26,419] {logging_mixin.py:104} INFO - [2021-02-18 19:22:26,419] {dagbag.py:448} INFO - Filling up the DagBag from /home/airflow/.local/lib/python3.6/site-packages/airflow/example_dags/example_xcom.py
[2021-02-18 19:22:26,429] {scheduler_job.py:639} INFO - DAG(s) dict_keys(['example_xcom']) retrieved from /home/airflow/.local/lib/python3.6/site-packages/airflow/example_dags/example_xcom.py
[2021-02-18 19:22:26,450] {logging_mixin.py:104} INFO - [2021-02-18 19:22:26,450] {dag.py:1818} INFO - Sync 1 DAGs
[2021-02-18 19:22:26,465] {logging_mixin.py:104} INFO - [2021-02-18 19:22:26,465] {dag.py:2273} INFO - Setting next_dagrun for example_xcom to 2021-02-16 00:00:00+00:00
[2021-02-18 19:22:26,474] {scheduler_job.py:190} INFO - Processing /home/airflow/.local/lib/python3.6/site-packages/airflow/example_dags/example_xcom.py took 0.060 seconds
[2021-02-18 19:22:56,992] {scheduler_job.py:182} INFO - Started process (PID=93) to work on /home/airflow/.local/lib/python3.6/site-packages/airflow/example_dags/example_xcom.py
[2021-02-18 19:22:56,993] {scheduler_job.py:629} INFO - Processing file /home/airflow/.local/lib/python3.6/site-packages/airflow/example_dags/example_xcom.py for tasks to queue
[2021-02-18 19:22:56,994] {logging_mixin.py:104} INFO - [2021-02-18 19:22:56,994] {dagbag.py:448} INFO - Filling up the DagBag from /home/airflow/.local/lib/python3.6/site-packages/airflow/example_dags/example_xcom.py
[2021-02-18 19:22:57,004] {scheduler_job.py:639} INFO - DAG(s) dict_keys(['example_xcom']) retrieved from /home/airflow/.local/lib/python3.6/site-packages/airflow/example_dags/example_xcom.py
[2021-02-18 19:22:57,024] {logging_mixin.py:104} INFO - [2021-02-18 19:22:57,024] {dag.py:1818} INFO - Sync 1 DAGs
[2021-02-18 19:22:57,040] {logging_mixin.py:104} INFO - [2021-02-18 19:22:57,040] {dag.py:2273} INFO - Setting next_dagrun for example_xcom to 2021-02-16 00:00:00+00:00
[2021-02-18 19:22:57,049] {scheduler_job.py:190} INFO - Processing /home/airflow/.local/lib/python3.6/site-packages/airflow/example_dags/example_xcom.py took 0.060 seconds
[2021-02-18 22:26:43,810] {scheduler_job.py:182} INFO - Started process (PID=49) to work on /home/airflow/.local/lib/python3.6/site-packages/airflow/example_dags/example_xcom.py
[2021-02-18 22:26:43,830] {scheduler_job.py:629} INFO - Processing file /home/airflow/.local/lib/python3.6/site-packages/airflow/example_dags/example_xcom.py for tasks to queue
[2021-02-18 22:26:43,833] {logging_mixin.py:104} INFO - [2021-02-18 22:26:43,832] {dagbag.py:448} INFO - Filling up the DagBag from /home/airflow/.local/lib/python3.6/site-packages/airflow/example_dags/example_xcom.py
[2021-02-18 22:26:43,853] {scheduler_job.py:639} INFO - DAG(s) dict_keys(['example_xcom']) retrieved from /home/airflow/.local/lib/python3.6/site-packages/airflow/example_dags/example_xcom.py
[2021-02-18 22:26:43,889] {logging_mixin.py:104} INFO - [2021-02-18 22:26:43,889] {dag.py:1818} INFO - Sync 1 DAGs
[2021-02-18 22:26:43,903] {logging_mixin.py:104} INFO - [2021-02-18 22:26:43,903] {dag.py:1837} INFO - Creating ORM DAG for example_xcom
[2021-02-18 22:26:43,912] {logging_mixin.py:104} INFO - [2021-02-18 22:26:43,912] {dag.py:2273} INFO - Setting next_dagrun for example_xcom to 2021-02-16 00:00:00+00:00
[2021-02-18 22:26:43,942] {scheduler_job.py:190} INFO - Processing /home/airflow/.local/lib/python3.6/site-packages/airflow/example_dags/example_xcom.py took 0.137 seconds
[2021-02-18 22:27:14,295] {scheduler_job.py:182} INFO - Started process (PID=73) to work on /home/airflow/.local/lib/python3.6/site-packages/airflow/example_dags/example_xcom.py
[2021-02-18 22:27:14,297] {scheduler_job.py:629} INFO - Processing file /home/airflow/.local/lib/python3.6/site-packages/airflow/example_dags/example_xcom.py for tasks to queue
[2021-02-18 22:27:14,298] {logging_mixin.py:104} INFO - [2021-02-18 22:27:14,298] {dagbag.py:448} INFO - Filling up the DagBag from /home/airflow/.local/lib/python3.6/site-packages/airflow/example_dags/example_xcom.py
[2021-02-18 22:27:14,307] {scheduler_job.py:639} INFO - DAG(s) dict_keys(['example_xcom']) retrieved from /home/airflow/.local/lib/python3.6/site-packages/airflow/example_dags/example_xcom.py
[2021-02-18 22:27:14,333] {logging_mixin.py:104} INFO - [2021-02-18 22:27:14,332] {dag.py:1818} INFO - Sync 1 DAGs
[2021-02-18 22:27:14,348] {logging_mixin.py:104} INFO - [2021-02-18 22:27:14,347] {dag.py:2273} INFO - Setting next_dagrun for example_xcom to 2021-02-16 00:00:00+00:00
[2021-02-18 22:27:14,356] {scheduler_job.py:190} INFO - Processing /home/airflow/.local/lib/python3.6/site-packages/airflow/example_dags/example_xcom.py took 0.065 seconds
