[2021-02-18 19:21:56,220] {scheduler_job.py:182} INFO - Started process (PID=42) to work on /home/airflow/.local/lib/python3.6/site-packages/airflow/example_dags/example_bash_operator.py
[2021-02-18 19:21:56,221] {scheduler_job.py:629} INFO - Processing file /home/airflow/.local/lib/python3.6/site-packages/airflow/example_dags/example_bash_operator.py for tasks to queue
[2021-02-18 19:21:56,222] {logging_mixin.py:104} INFO - [2021-02-18 19:21:56,222] {dagbag.py:448} INFO - Filling up the DagBag from /home/airflow/.local/lib/python3.6/site-packages/airflow/example_dags/example_bash_operator.py
[2021-02-18 19:21:56,236] {scheduler_job.py:639} INFO - DAG(s) dict_keys(['example_bash_operator']) retrieved from /home/airflow/.local/lib/python3.6/site-packages/airflow/example_dags/example_bash_operator.py
[2021-02-18 19:21:56,262] {logging_mixin.py:104} INFO - [2021-02-18 19:21:56,262] {dag.py:1818} INFO - Sync 1 DAGs
[2021-02-18 19:21:56,276] {logging_mixin.py:104} INFO - [2021-02-18 19:21:56,276] {dag.py:1837} INFO - Creating ORM DAG for example_bash_operator
[2021-02-18 19:21:56,291] {logging_mixin.py:104} INFO - [2021-02-18 19:21:56,290] {dag.py:2273} INFO - Setting next_dagrun for example_bash_operator to 2021-02-16 00:00:00+00:00
[2021-02-18 19:21:56,310] {scheduler_job.py:190} INFO - Processing /home/airflow/.local/lib/python3.6/site-packages/airflow/example_dags/example_bash_operator.py took 0.093 seconds
[2021-02-18 19:22:26,664] {scheduler_job.py:182} INFO - Started process (PID=68) to work on /home/airflow/.local/lib/python3.6/site-packages/airflow/example_dags/example_bash_operator.py
[2021-02-18 19:22:26,666] {scheduler_job.py:629} INFO - Processing file /home/airflow/.local/lib/python3.6/site-packages/airflow/example_dags/example_bash_operator.py for tasks to queue
[2021-02-18 19:22:26,667] {logging_mixin.py:104} INFO - [2021-02-18 19:22:26,667] {dagbag.py:448} INFO - Filling up the DagBag from /home/airflow/.local/lib/python3.6/site-packages/airflow/example_dags/example_bash_operator.py
[2021-02-18 19:22:26,680] {scheduler_job.py:639} INFO - DAG(s) dict_keys(['example_bash_operator']) retrieved from /home/airflow/.local/lib/python3.6/site-packages/airflow/example_dags/example_bash_operator.py
[2021-02-18 19:22:26,702] {logging_mixin.py:104} INFO - [2021-02-18 19:22:26,701] {dag.py:1818} INFO - Sync 1 DAGs
[2021-02-18 19:22:26,725] {logging_mixin.py:104} INFO - [2021-02-18 19:22:26,724] {dag.py:2273} INFO - Setting next_dagrun for example_bash_operator to 2021-02-16 00:00:00+00:00
[2021-02-18 19:22:26,734] {scheduler_job.py:190} INFO - Processing /home/airflow/.local/lib/python3.6/site-packages/airflow/example_dags/example_bash_operator.py took 0.074 seconds
[2021-02-18 19:22:57,232] {scheduler_job.py:182} INFO - Started process (PID=98) to work on /home/airflow/.local/lib/python3.6/site-packages/airflow/example_dags/example_bash_operator.py
[2021-02-18 19:22:57,233] {scheduler_job.py:629} INFO - Processing file /home/airflow/.local/lib/python3.6/site-packages/airflow/example_dags/example_bash_operator.py for tasks to queue
[2021-02-18 19:22:57,234] {logging_mixin.py:104} INFO - [2021-02-18 19:22:57,234] {dagbag.py:448} INFO - Filling up the DagBag from /home/airflow/.local/lib/python3.6/site-packages/airflow/example_dags/example_bash_operator.py
[2021-02-18 19:22:57,245] {scheduler_job.py:639} INFO - DAG(s) dict_keys(['example_bash_operator']) retrieved from /home/airflow/.local/lib/python3.6/site-packages/airflow/example_dags/example_bash_operator.py
[2021-02-18 19:22:57,271] {logging_mixin.py:104} INFO - [2021-02-18 19:22:57,271] {dag.py:1818} INFO - Sync 1 DAGs
[2021-02-18 19:22:57,295] {logging_mixin.py:104} INFO - [2021-02-18 19:22:57,295] {dag.py:2273} INFO - Setting next_dagrun for example_bash_operator to 2021-02-16 00:00:00+00:00
[2021-02-18 19:22:57,308] {scheduler_job.py:190} INFO - Processing /home/airflow/.local/lib/python3.6/site-packages/airflow/example_dags/example_bash_operator.py took 0.080 seconds
[2021-02-18 22:26:44,248] {scheduler_job.py:182} INFO - Started process (PID=56) to work on /home/airflow/.local/lib/python3.6/site-packages/airflow/example_dags/example_bash_operator.py
[2021-02-18 22:26:44,250] {scheduler_job.py:629} INFO - Processing file /home/airflow/.local/lib/python3.6/site-packages/airflow/example_dags/example_bash_operator.py for tasks to queue
[2021-02-18 22:26:44,250] {logging_mixin.py:104} INFO - [2021-02-18 22:26:44,250] {dagbag.py:448} INFO - Filling up the DagBag from /home/airflow/.local/lib/python3.6/site-packages/airflow/example_dags/example_bash_operator.py
[2021-02-18 22:26:44,265] {scheduler_job.py:639} INFO - DAG(s) dict_keys(['example_bash_operator']) retrieved from /home/airflow/.local/lib/python3.6/site-packages/airflow/example_dags/example_bash_operator.py
[2021-02-18 22:26:44,297] {logging_mixin.py:104} INFO - [2021-02-18 22:26:44,297] {dag.py:1818} INFO - Sync 1 DAGs
[2021-02-18 22:26:44,312] {logging_mixin.py:104} INFO - [2021-02-18 22:26:44,312] {dag.py:1837} INFO - Creating ORM DAG for example_bash_operator
[2021-02-18 22:26:44,331] {logging_mixin.py:104} INFO - [2021-02-18 22:26:44,331] {dag.py:2273} INFO - Setting next_dagrun for example_bash_operator to 2021-02-16 00:00:00+00:00
[2021-02-18 22:26:44,352] {scheduler_job.py:190} INFO - Processing /home/airflow/.local/lib/python3.6/site-packages/airflow/example_dags/example_bash_operator.py took 0.107 seconds
[2021-02-18 22:27:14,642] {scheduler_job.py:182} INFO - Started process (PID=81) to work on /home/airflow/.local/lib/python3.6/site-packages/airflow/example_dags/example_bash_operator.py
[2021-02-18 22:27:14,643] {scheduler_job.py:629} INFO - Processing file /home/airflow/.local/lib/python3.6/site-packages/airflow/example_dags/example_bash_operator.py for tasks to queue
[2021-02-18 22:27:14,645] {logging_mixin.py:104} INFO - [2021-02-18 22:27:14,645] {dagbag.py:448} INFO - Filling up the DagBag from /home/airflow/.local/lib/python3.6/site-packages/airflow/example_dags/example_bash_operator.py
[2021-02-18 22:27:14,658] {scheduler_job.py:639} INFO - DAG(s) dict_keys(['example_bash_operator']) retrieved from /home/airflow/.local/lib/python3.6/site-packages/airflow/example_dags/example_bash_operator.py
[2021-02-18 22:27:14,697] {logging_mixin.py:104} INFO - [2021-02-18 22:27:14,696] {dag.py:1818} INFO - Sync 1 DAGs
[2021-02-18 22:27:14,720] {logging_mixin.py:104} INFO - [2021-02-18 22:27:14,719] {dag.py:2273} INFO - Setting next_dagrun for example_bash_operator to 2021-02-16 00:00:00+00:00
[2021-02-18 22:27:14,729] {scheduler_job.py:190} INFO - Processing /home/airflow/.local/lib/python3.6/site-packages/airflow/example_dags/example_bash_operator.py took 0.092 seconds
