[2021-02-18 19:21:56,618] {scheduler_job.py:182} INFO - Started process (PID=49) to work on /home/airflow/.local/lib/python3.6/site-packages/airflow/example_dags/example_external_task_marker_dag.py
[2021-02-18 19:21:56,619] {scheduler_job.py:629} INFO - Processing file /home/airflow/.local/lib/python3.6/site-packages/airflow/example_dags/example_external_task_marker_dag.py for tasks to queue
[2021-02-18 19:21:56,620] {logging_mixin.py:104} INFO - [2021-02-18 19:21:56,619] {dagbag.py:448} INFO - Filling up the DagBag from /home/airflow/.local/lib/python3.6/site-packages/airflow/example_dags/example_external_task_marker_dag.py
[2021-02-18 19:21:56,637] {scheduler_job.py:639} INFO - DAG(s) dict_keys(['example_external_task_marker_parent', 'example_external_task_marker_child']) retrieved from /home/airflow/.local/lib/python3.6/site-packages/airflow/example_dags/example_external_task_marker_dag.py
[2021-02-18 19:21:56,676] {logging_mixin.py:104} INFO - [2021-02-18 19:21:56,676] {dag.py:1818} INFO - Sync 2 DAGs
[2021-02-18 19:21:56,688] {logging_mixin.py:104} INFO - [2021-02-18 19:21:56,688] {dag.py:1837} INFO - Creating ORM DAG for example_external_task_marker_child
[2021-02-18 19:21:56,689] {logging_mixin.py:104} INFO - [2021-02-18 19:21:56,689] {dag.py:1837} INFO - Creating ORM DAG for example_external_task_marker_parent
[2021-02-18 19:21:56,696] {logging_mixin.py:104} INFO - [2021-02-18 19:21:56,696] {dag.py:2273} INFO - Setting next_dagrun for example_external_task_marker_child to None
[2021-02-18 19:21:56,696] {logging_mixin.py:104} INFO - [2021-02-18 19:21:56,696] {dag.py:2273} INFO - Setting next_dagrun for example_external_task_marker_parent to None
[2021-02-18 19:21:56,719] {scheduler_job.py:190} INFO - Processing /home/airflow/.local/lib/python3.6/site-packages/airflow/example_dags/example_external_task_marker_dag.py took 0.105 seconds
[2021-02-18 19:22:26,771] {scheduler_job.py:182} INFO - Started process (PID=71) to work on /home/airflow/.local/lib/python3.6/site-packages/airflow/example_dags/example_external_task_marker_dag.py
[2021-02-18 19:22:26,772] {scheduler_job.py:629} INFO - Processing file /home/airflow/.local/lib/python3.6/site-packages/airflow/example_dags/example_external_task_marker_dag.py for tasks to queue
[2021-02-18 19:22:26,772] {logging_mixin.py:104} INFO - [2021-02-18 19:22:26,772] {dagbag.py:448} INFO - Filling up the DagBag from /home/airflow/.local/lib/python3.6/site-packages/airflow/example_dags/example_external_task_marker_dag.py
[2021-02-18 19:22:26,780] {scheduler_job.py:639} INFO - DAG(s) dict_keys(['example_external_task_marker_parent', 'example_external_task_marker_child']) retrieved from /home/airflow/.local/lib/python3.6/site-packages/airflow/example_dags/example_external_task_marker_dag.py
[2021-02-18 19:22:26,806] {logging_mixin.py:104} INFO - [2021-02-18 19:22:26,806] {dag.py:1818} INFO - Sync 2 DAGs
[2021-02-18 19:22:26,821] {logging_mixin.py:104} INFO - [2021-02-18 19:22:26,821] {dag.py:2273} INFO - Setting next_dagrun for example_external_task_marker_child to None
[2021-02-18 19:22:26,822] {logging_mixin.py:104} INFO - [2021-02-18 19:22:26,822] {dag.py:2273} INFO - Setting next_dagrun for example_external_task_marker_parent to None
[2021-02-18 19:22:26,832] {scheduler_job.py:190} INFO - Processing /home/airflow/.local/lib/python3.6/site-packages/airflow/example_dags/example_external_task_marker_dag.py took 0.065 seconds
[2021-02-18 19:22:57,071] {scheduler_job.py:182} INFO - Started process (PID=95) to work on /home/airflow/.local/lib/python3.6/site-packages/airflow/example_dags/example_external_task_marker_dag.py
[2021-02-18 19:22:57,072] {scheduler_job.py:629} INFO - Processing file /home/airflow/.local/lib/python3.6/site-packages/airflow/example_dags/example_external_task_marker_dag.py for tasks to queue
[2021-02-18 19:22:57,073] {logging_mixin.py:104} INFO - [2021-02-18 19:22:57,073] {dagbag.py:448} INFO - Filling up the DagBag from /home/airflow/.local/lib/python3.6/site-packages/airflow/example_dags/example_external_task_marker_dag.py
[2021-02-18 19:22:57,085] {scheduler_job.py:639} INFO - DAG(s) dict_keys(['example_external_task_marker_parent', 'example_external_task_marker_child']) retrieved from /home/airflow/.local/lib/python3.6/site-packages/airflow/example_dags/example_external_task_marker_dag.py
[2021-02-18 19:22:57,113] {logging_mixin.py:104} INFO - [2021-02-18 19:22:57,113] {dag.py:1818} INFO - Sync 2 DAGs
[2021-02-18 19:22:57,128] {logging_mixin.py:104} INFO - [2021-02-18 19:22:57,128] {dag.py:2273} INFO - Setting next_dagrun for example_external_task_marker_child to None
[2021-02-18 19:22:57,129] {logging_mixin.py:104} INFO - [2021-02-18 19:22:57,129] {dag.py:2273} INFO - Setting next_dagrun for example_external_task_marker_parent to None
[2021-02-18 19:22:57,141] {scheduler_job.py:190} INFO - Processing /home/airflow/.local/lib/python3.6/site-packages/airflow/example_dags/example_external_task_marker_dag.py took 0.072 seconds
[2021-02-18 22:26:43,316] {scheduler_job.py:182} INFO - Started process (PID=43) to work on /home/airflow/.local/lib/python3.6/site-packages/airflow/example_dags/example_external_task_marker_dag.py
[2021-02-18 22:26:43,451] {scheduler_job.py:629} INFO - Processing file /home/airflow/.local/lib/python3.6/site-packages/airflow/example_dags/example_external_task_marker_dag.py for tasks to queue
[2021-02-18 22:26:43,452] {logging_mixin.py:104} INFO - [2021-02-18 22:26:43,451] {dagbag.py:448} INFO - Filling up the DagBag from /home/airflow/.local/lib/python3.6/site-packages/airflow/example_dags/example_external_task_marker_dag.py
[2021-02-18 22:26:43,470] {scheduler_job.py:639} INFO - DAG(s) dict_keys(['example_external_task_marker_parent', 'example_external_task_marker_child']) retrieved from /home/airflow/.local/lib/python3.6/site-packages/airflow/example_dags/example_external_task_marker_dag.py
[2021-02-18 22:26:43,531] {logging_mixin.py:104} INFO - [2021-02-18 22:26:43,531] {dag.py:1818} INFO - Sync 2 DAGs
[2021-02-18 22:26:43,544] {logging_mixin.py:104} INFO - [2021-02-18 22:26:43,544] {dag.py:1837} INFO - Creating ORM DAG for example_external_task_marker_parent
[2021-02-18 22:26:43,545] {logging_mixin.py:104} INFO - [2021-02-18 22:26:43,545] {dag.py:1837} INFO - Creating ORM DAG for example_external_task_marker_child
[2021-02-18 22:26:43,554] {logging_mixin.py:104} INFO - [2021-02-18 22:26:43,554] {dag.py:2273} INFO - Setting next_dagrun for example_external_task_marker_child to None
[2021-02-18 22:26:43,554] {logging_mixin.py:104} INFO - [2021-02-18 22:26:43,554] {dag.py:2273} INFO - Setting next_dagrun for example_external_task_marker_parent to None
[2021-02-18 22:26:43,578] {scheduler_job.py:190} INFO - Processing /home/airflow/.local/lib/python3.6/site-packages/airflow/example_dags/example_external_task_marker_dag.py took 0.266 seconds
[2021-02-18 22:27:14,110] {scheduler_job.py:182} INFO - Started process (PID=69) to work on /home/airflow/.local/lib/python3.6/site-packages/airflow/example_dags/example_external_task_marker_dag.py
[2021-02-18 22:27:14,112] {scheduler_job.py:629} INFO - Processing file /home/airflow/.local/lib/python3.6/site-packages/airflow/example_dags/example_external_task_marker_dag.py for tasks to queue
[2021-02-18 22:27:14,112] {logging_mixin.py:104} INFO - [2021-02-18 22:27:14,112] {dagbag.py:448} INFO - Filling up the DagBag from /home/airflow/.local/lib/python3.6/site-packages/airflow/example_dags/example_external_task_marker_dag.py
[2021-02-18 22:27:14,124] {scheduler_job.py:639} INFO - DAG(s) dict_keys(['example_external_task_marker_parent', 'example_external_task_marker_child']) retrieved from /home/airflow/.local/lib/python3.6/site-packages/airflow/example_dags/example_external_task_marker_dag.py
[2021-02-18 22:27:14,161] {logging_mixin.py:104} INFO - [2021-02-18 22:27:14,161] {dag.py:1818} INFO - Sync 2 DAGs
[2021-02-18 22:27:14,181] {logging_mixin.py:104} INFO - [2021-02-18 22:27:14,181] {dag.py:2273} INFO - Setting next_dagrun for example_external_task_marker_child to None
[2021-02-18 22:27:14,182] {logging_mixin.py:104} INFO - [2021-02-18 22:27:14,181] {dag.py:2273} INFO - Setting next_dagrun for example_external_task_marker_parent to None
[2021-02-18 22:27:14,194] {scheduler_job.py:190} INFO - Processing /home/airflow/.local/lib/python3.6/site-packages/airflow/example_dags/example_external_task_marker_dag.py took 0.087 seconds
