[2021-02-18 19:21:56,561] {scheduler_job.py:182} INFO - Started process (PID=48) to work on /home/airflow/.local/lib/python3.6/site-packages/airflow/example_dags/example_kubernetes_executor_config.py
[2021-02-18 19:21:56,562] {scheduler_job.py:629} INFO - Processing file /home/airflow/.local/lib/python3.6/site-packages/airflow/example_dags/example_kubernetes_executor_config.py for tasks to queue
[2021-02-18 19:21:56,563] {logging_mixin.py:104} INFO - [2021-02-18 19:21:56,563] {dagbag.py:448} INFO - Filling up the DagBag from /home/airflow/.local/lib/python3.6/site-packages/airflow/example_dags/example_kubernetes_executor_config.py
[2021-02-18 19:21:56,582] {scheduler_job.py:639} INFO - DAG(s) dict_keys(['example_kubernetes_executor_config']) retrieved from /home/airflow/.local/lib/python3.6/site-packages/airflow/example_dags/example_kubernetes_executor_config.py
[2021-02-18 19:21:56,615] {logging_mixin.py:104} INFO - [2021-02-18 19:21:56,615] {dag.py:1818} INFO - Sync 1 DAGs
[2021-02-18 19:21:56,628] {logging_mixin.py:104} INFO - [2021-02-18 19:21:56,628] {dag.py:1837} INFO - Creating ORM DAG for example_kubernetes_executor_config
[2021-02-18 19:21:56,636] {logging_mixin.py:104} INFO - [2021-02-18 19:21:56,636] {dag.py:2273} INFO - Setting next_dagrun for example_kubernetes_executor_config to None
[2021-02-18 19:21:56,665] {scheduler_job.py:190} INFO - Processing /home/airflow/.local/lib/python3.6/site-packages/airflow/example_dags/example_kubernetes_executor_config.py took 0.108 seconds
[2021-02-18 19:22:26,749] {scheduler_job.py:182} INFO - Started process (PID=70) to work on /home/airflow/.local/lib/python3.6/site-packages/airflow/example_dags/example_kubernetes_executor_config.py
[2021-02-18 19:22:26,750] {scheduler_job.py:629} INFO - Processing file /home/airflow/.local/lib/python3.6/site-packages/airflow/example_dags/example_kubernetes_executor_config.py for tasks to queue
[2021-02-18 19:22:26,751] {logging_mixin.py:104} INFO - [2021-02-18 19:22:26,751] {dagbag.py:448} INFO - Filling up the DagBag from /home/airflow/.local/lib/python3.6/site-packages/airflow/example_dags/example_kubernetes_executor_config.py
[2021-02-18 19:22:26,762] {scheduler_job.py:639} INFO - DAG(s) dict_keys(['example_kubernetes_executor_config']) retrieved from /home/airflow/.local/lib/python3.6/site-packages/airflow/example_dags/example_kubernetes_executor_config.py
[2021-02-18 19:22:26,781] {logging_mixin.py:104} INFO - [2021-02-18 19:22:26,781] {dag.py:1818} INFO - Sync 1 DAGs
[2021-02-18 19:22:26,796] {logging_mixin.py:104} INFO - [2021-02-18 19:22:26,796] {dag.py:2273} INFO - Setting next_dagrun for example_kubernetes_executor_config to None
[2021-02-18 19:22:26,809] {scheduler_job.py:190} INFO - Processing /home/airflow/.local/lib/python3.6/site-packages/airflow/example_dags/example_kubernetes_executor_config.py took 0.062 seconds
[2021-02-18 19:22:57,068] {scheduler_job.py:182} INFO - Started process (PID=94) to work on /home/airflow/.local/lib/python3.6/site-packages/airflow/example_dags/example_kubernetes_executor_config.py
[2021-02-18 19:22:57,069] {scheduler_job.py:629} INFO - Processing file /home/airflow/.local/lib/python3.6/site-packages/airflow/example_dags/example_kubernetes_executor_config.py for tasks to queue
[2021-02-18 19:22:57,070] {logging_mixin.py:104} INFO - [2021-02-18 19:22:57,070] {dagbag.py:448} INFO - Filling up the DagBag from /home/airflow/.local/lib/python3.6/site-packages/airflow/example_dags/example_kubernetes_executor_config.py
[2021-02-18 19:22:57,083] {scheduler_job.py:639} INFO - DAG(s) dict_keys(['example_kubernetes_executor_config']) retrieved from /home/airflow/.local/lib/python3.6/site-packages/airflow/example_dags/example_kubernetes_executor_config.py
[2021-02-18 19:22:57,106] {logging_mixin.py:104} INFO - [2021-02-18 19:22:57,106] {dag.py:1818} INFO - Sync 1 DAGs
[2021-02-18 19:22:57,120] {logging_mixin.py:104} INFO - [2021-02-18 19:22:57,120] {dag.py:2273} INFO - Setting next_dagrun for example_kubernetes_executor_config to None
[2021-02-18 19:22:57,130] {scheduler_job.py:190} INFO - Processing /home/airflow/.local/lib/python3.6/site-packages/airflow/example_dags/example_kubernetes_executor_config.py took 0.065 seconds
[2021-02-18 22:26:43,408] {scheduler_job.py:182} INFO - Started process (PID=44) to work on /home/airflow/.local/lib/python3.6/site-packages/airflow/example_dags/example_kubernetes_executor_config.py
[2021-02-18 22:26:43,432] {scheduler_job.py:629} INFO - Processing file /home/airflow/.local/lib/python3.6/site-packages/airflow/example_dags/example_kubernetes_executor_config.py for tasks to queue
[2021-02-18 22:26:43,433] {logging_mixin.py:104} INFO - [2021-02-18 22:26:43,433] {dagbag.py:448} INFO - Filling up the DagBag from /home/airflow/.local/lib/python3.6/site-packages/airflow/example_dags/example_kubernetes_executor_config.py
[2021-02-18 22:26:43,454] {scheduler_job.py:639} INFO - DAG(s) dict_keys(['example_kubernetes_executor_config']) retrieved from /home/airflow/.local/lib/python3.6/site-packages/airflow/example_dags/example_kubernetes_executor_config.py
[2021-02-18 22:26:43,489] {logging_mixin.py:104} INFO - [2021-02-18 22:26:43,489] {dag.py:1818} INFO - Sync 1 DAGs
[2021-02-18 22:26:43,501] {logging_mixin.py:104} INFO - [2021-02-18 22:26:43,501] {dag.py:1837} INFO - Creating ORM DAG for example_kubernetes_executor_config
[2021-02-18 22:26:43,509] {logging_mixin.py:104} INFO - [2021-02-18 22:26:43,509] {dag.py:2273} INFO - Setting next_dagrun for example_kubernetes_executor_config to None
[2021-02-18 22:26:43,533] {scheduler_job.py:190} INFO - Processing /home/airflow/.local/lib/python3.6/site-packages/airflow/example_dags/example_kubernetes_executor_config.py took 0.128 seconds
[2021-02-18 22:27:14,202] {scheduler_job.py:182} INFO - Started process (PID=70) to work on /home/airflow/.local/lib/python3.6/site-packages/airflow/example_dags/example_kubernetes_executor_config.py
[2021-02-18 22:27:14,204] {scheduler_job.py:629} INFO - Processing file /home/airflow/.local/lib/python3.6/site-packages/airflow/example_dags/example_kubernetes_executor_config.py for tasks to queue
[2021-02-18 22:27:14,205] {logging_mixin.py:104} INFO - [2021-02-18 22:27:14,204] {dagbag.py:448} INFO - Filling up the DagBag from /home/airflow/.local/lib/python3.6/site-packages/airflow/example_dags/example_kubernetes_executor_config.py
[2021-02-18 22:27:14,215] {scheduler_job.py:639} INFO - DAG(s) dict_keys(['example_kubernetes_executor_config']) retrieved from /home/airflow/.local/lib/python3.6/site-packages/airflow/example_dags/example_kubernetes_executor_config.py
[2021-02-18 22:27:14,246] {logging_mixin.py:104} INFO - [2021-02-18 22:27:14,246] {dag.py:1818} INFO - Sync 1 DAGs
[2021-02-18 22:27:14,261] {logging_mixin.py:104} INFO - [2021-02-18 22:27:14,261] {dag.py:2273} INFO - Setting next_dagrun for example_kubernetes_executor_config to None
[2021-02-18 22:27:14,272] {scheduler_job.py:190} INFO - Processing /home/airflow/.local/lib/python3.6/site-packages/airflow/example_dags/example_kubernetes_executor_config.py took 0.074 seconds
