[2021-02-18 19:21:57,103] {scheduler_job.py:182} INFO - Started process (PID=57) to work on /home/airflow/.local/lib/python3.6/site-packages/airflow/example_dags/example_python_operator.py
[2021-02-18 19:21:57,105] {scheduler_job.py:629} INFO - Processing file /home/airflow/.local/lib/python3.6/site-packages/airflow/example_dags/example_python_operator.py for tasks to queue
[2021-02-18 19:21:57,106] {logging_mixin.py:104} INFO - [2021-02-18 19:21:57,106] {dagbag.py:448} INFO - Filling up the DagBag from /home/airflow/.local/lib/python3.6/site-packages/airflow/example_dags/example_python_operator.py
[2021-02-18 19:21:57,127] {scheduler_job.py:639} INFO - DAG(s) dict_keys(['example_python_operator']) retrieved from /home/airflow/.local/lib/python3.6/site-packages/airflow/example_dags/example_python_operator.py
[2021-02-18 19:21:57,158] {logging_mixin.py:104} INFO - [2021-02-18 19:21:57,157] {dag.py:1818} INFO - Sync 1 DAGs
[2021-02-18 19:21:57,171] {logging_mixin.py:104} INFO - [2021-02-18 19:21:57,171] {dag.py:1837} INFO - Creating ORM DAG for example_python_operator
[2021-02-18 19:21:57,176] {logging_mixin.py:104} INFO - [2021-02-18 19:21:57,176] {dag.py:2273} INFO - Setting next_dagrun for example_python_operator to None
[2021-02-18 19:21:57,197] {scheduler_job.py:190} INFO - Processing /home/airflow/.local/lib/python3.6/site-packages/airflow/example_dags/example_python_operator.py took 0.100 seconds
[2021-02-18 19:22:27,396] {scheduler_job.py:182} INFO - Started process (PID=83) to work on /home/airflow/.local/lib/python3.6/site-packages/airflow/example_dags/example_python_operator.py
[2021-02-18 19:22:27,397] {scheduler_job.py:629} INFO - Processing file /home/airflow/.local/lib/python3.6/site-packages/airflow/example_dags/example_python_operator.py for tasks to queue
[2021-02-18 19:22:27,398] {logging_mixin.py:104} INFO - [2021-02-18 19:22:27,398] {dagbag.py:448} INFO - Filling up the DagBag from /home/airflow/.local/lib/python3.6/site-packages/airflow/example_dags/example_python_operator.py
[2021-02-18 19:22:27,407] {scheduler_job.py:639} INFO - DAG(s) dict_keys(['example_python_operator']) retrieved from /home/airflow/.local/lib/python3.6/site-packages/airflow/example_dags/example_python_operator.py
[2021-02-18 19:22:27,430] {logging_mixin.py:104} INFO - [2021-02-18 19:22:27,430] {dag.py:1818} INFO - Sync 1 DAGs
[2021-02-18 19:22:27,441] {logging_mixin.py:104} INFO - [2021-02-18 19:22:27,441] {dag.py:2273} INFO - Setting next_dagrun for example_python_operator to None
[2021-02-18 19:22:27,449] {scheduler_job.py:190} INFO - Processing /home/airflow/.local/lib/python3.6/site-packages/airflow/example_dags/example_python_operator.py took 0.057 seconds
[2021-02-18 19:22:57,635] {scheduler_job.py:182} INFO - Started process (PID=109) to work on /home/airflow/.local/lib/python3.6/site-packages/airflow/example_dags/example_python_operator.py
[2021-02-18 19:22:57,636] {scheduler_job.py:629} INFO - Processing file /home/airflow/.local/lib/python3.6/site-packages/airflow/example_dags/example_python_operator.py for tasks to queue
[2021-02-18 19:22:57,637] {logging_mixin.py:104} INFO - [2021-02-18 19:22:57,637] {dagbag.py:448} INFO - Filling up the DagBag from /home/airflow/.local/lib/python3.6/site-packages/airflow/example_dags/example_python_operator.py
[2021-02-18 19:22:57,649] {scheduler_job.py:639} INFO - DAG(s) dict_keys(['example_python_operator']) retrieved from /home/airflow/.local/lib/python3.6/site-packages/airflow/example_dags/example_python_operator.py
[2021-02-18 19:22:57,670] {logging_mixin.py:104} INFO - [2021-02-18 19:22:57,669] {dag.py:1818} INFO - Sync 1 DAGs
[2021-02-18 19:22:57,684] {logging_mixin.py:104} INFO - [2021-02-18 19:22:57,684] {dag.py:2273} INFO - Setting next_dagrun for example_python_operator to None
[2021-02-18 19:22:57,693] {scheduler_job.py:190} INFO - Processing /home/airflow/.local/lib/python3.6/site-packages/airflow/example_dags/example_python_operator.py took 0.062 seconds
[2021-02-18 22:26:43,553] {scheduler_job.py:182} INFO - Started process (PID=45) to work on /home/airflow/.local/lib/python3.6/site-packages/airflow/example_dags/example_python_operator.py
[2021-02-18 22:26:43,579] {scheduler_job.py:629} INFO - Processing file /home/airflow/.local/lib/python3.6/site-packages/airflow/example_dags/example_python_operator.py for tasks to queue
[2021-02-18 22:26:43,580] {logging_mixin.py:104} INFO - [2021-02-18 22:26:43,580] {dagbag.py:448} INFO - Filling up the DagBag from /home/airflow/.local/lib/python3.6/site-packages/airflow/example_dags/example_python_operator.py
[2021-02-18 22:26:43,595] {scheduler_job.py:639} INFO - DAG(s) dict_keys(['example_python_operator']) retrieved from /home/airflow/.local/lib/python3.6/site-packages/airflow/example_dags/example_python_operator.py
[2021-02-18 22:26:43,629] {logging_mixin.py:104} INFO - [2021-02-18 22:26:43,628] {dag.py:1818} INFO - Sync 1 DAGs
[2021-02-18 22:26:43,641] {logging_mixin.py:104} INFO - [2021-02-18 22:26:43,641] {dag.py:1837} INFO - Creating ORM DAG for example_python_operator
[2021-02-18 22:26:43,647] {logging_mixin.py:104} INFO - [2021-02-18 22:26:43,647] {dag.py:2273} INFO - Setting next_dagrun for example_python_operator to None
[2021-02-18 22:26:43,667] {scheduler_job.py:190} INFO - Processing /home/airflow/.local/lib/python3.6/site-packages/airflow/example_dags/example_python_operator.py took 0.119 seconds
[2021-02-18 22:27:14,214] {scheduler_job.py:182} INFO - Started process (PID=71) to work on /home/airflow/.local/lib/python3.6/site-packages/airflow/example_dags/example_python_operator.py
[2021-02-18 22:27:14,215] {scheduler_job.py:629} INFO - Processing file /home/airflow/.local/lib/python3.6/site-packages/airflow/example_dags/example_python_operator.py for tasks to queue
[2021-02-18 22:27:14,216] {logging_mixin.py:104} INFO - [2021-02-18 22:27:14,216] {dagbag.py:448} INFO - Filling up the DagBag from /home/airflow/.local/lib/python3.6/site-packages/airflow/example_dags/example_python_operator.py
[2021-02-18 22:27:14,227] {scheduler_job.py:639} INFO - DAG(s) dict_keys(['example_python_operator']) retrieved from /home/airflow/.local/lib/python3.6/site-packages/airflow/example_dags/example_python_operator.py
[2021-02-18 22:27:14,256] {logging_mixin.py:104} INFO - [2021-02-18 22:27:14,256] {dag.py:1818} INFO - Sync 1 DAGs
[2021-02-18 22:27:14,270] {logging_mixin.py:104} INFO - [2021-02-18 22:27:14,270] {dag.py:2273} INFO - Setting next_dagrun for example_python_operator to None
[2021-02-18 22:27:14,279] {scheduler_job.py:190} INFO - Processing /home/airflow/.local/lib/python3.6/site-packages/airflow/example_dags/example_python_operator.py took 0.070 seconds
