[2021-02-18 19:21:57,273] {scheduler_job.py:182} INFO - Started process (PID=60) to work on /home/airflow/.local/lib/python3.6/site-packages/airflow/example_dags/example_complex.py
[2021-02-18 19:21:57,274] {scheduler_job.py:629} INFO - Processing file /home/airflow/.local/lib/python3.6/site-packages/airflow/example_dags/example_complex.py for tasks to queue
[2021-02-18 19:21:57,275] {logging_mixin.py:104} INFO - [2021-02-18 19:21:57,275] {dagbag.py:448} INFO - Filling up the DagBag from /home/airflow/.local/lib/python3.6/site-packages/airflow/example_dags/example_complex.py
[2021-02-18 19:21:57,305] {scheduler_job.py:639} INFO - DAG(s) dict_keys(['example_complex']) retrieved from /home/airflow/.local/lib/python3.6/site-packages/airflow/example_dags/example_complex.py
[2021-02-18 19:21:57,344] {logging_mixin.py:104} INFO - [2021-02-18 19:21:57,344] {dag.py:1818} INFO - Sync 1 DAGs
[2021-02-18 19:21:57,359] {logging_mixin.py:104} INFO - [2021-02-18 19:21:57,359] {dag.py:1837} INFO - Creating ORM DAG for example_complex
[2021-02-18 19:21:57,367] {logging_mixin.py:104} INFO - [2021-02-18 19:21:57,366] {dag.py:2273} INFO - Setting next_dagrun for example_complex to None
[2021-02-18 19:21:57,395] {scheduler_job.py:190} INFO - Processing /home/airflow/.local/lib/python3.6/site-packages/airflow/example_dags/example_complex.py took 0.126 seconds
[2021-02-18 19:22:27,575] {scheduler_job.py:182} INFO - Started process (PID=86) to work on /home/airflow/.local/lib/python3.6/site-packages/airflow/example_dags/example_complex.py
[2021-02-18 19:22:27,576] {scheduler_job.py:629} INFO - Processing file /home/airflow/.local/lib/python3.6/site-packages/airflow/example_dags/example_complex.py for tasks to queue
[2021-02-18 19:22:27,577] {logging_mixin.py:104} INFO - [2021-02-18 19:22:27,577] {dagbag.py:448} INFO - Filling up the DagBag from /home/airflow/.local/lib/python3.6/site-packages/airflow/example_dags/example_complex.py
[2021-02-18 19:22:27,593] {scheduler_job.py:639} INFO - DAG(s) dict_keys(['example_complex']) retrieved from /home/airflow/.local/lib/python3.6/site-packages/airflow/example_dags/example_complex.py
[2021-02-18 19:22:27,620] {logging_mixin.py:104} INFO - [2021-02-18 19:22:27,619] {dag.py:1818} INFO - Sync 1 DAGs
[2021-02-18 19:22:27,633] {logging_mixin.py:104} INFO - [2021-02-18 19:22:27,633] {dag.py:2273} INFO - Setting next_dagrun for example_complex to None
[2021-02-18 19:22:27,642] {scheduler_job.py:190} INFO - Processing /home/airflow/.local/lib/python3.6/site-packages/airflow/example_dags/example_complex.py took 0.072 seconds
[2021-02-18 19:22:57,754] {scheduler_job.py:182} INFO - Started process (PID=112) to work on /home/airflow/.local/lib/python3.6/site-packages/airflow/example_dags/example_complex.py
[2021-02-18 19:22:57,755] {scheduler_job.py:629} INFO - Processing file /home/airflow/.local/lib/python3.6/site-packages/airflow/example_dags/example_complex.py for tasks to queue
[2021-02-18 19:22:57,756] {logging_mixin.py:104} INFO - [2021-02-18 19:22:57,756] {dagbag.py:448} INFO - Filling up the DagBag from /home/airflow/.local/lib/python3.6/site-packages/airflow/example_dags/example_complex.py
[2021-02-18 19:22:57,773] {scheduler_job.py:639} INFO - DAG(s) dict_keys(['example_complex']) retrieved from /home/airflow/.local/lib/python3.6/site-packages/airflow/example_dags/example_complex.py
[2021-02-18 19:22:57,802] {logging_mixin.py:104} INFO - [2021-02-18 19:22:57,802] {dag.py:1818} INFO - Sync 1 DAGs
[2021-02-18 19:22:57,815] {logging_mixin.py:104} INFO - [2021-02-18 19:22:57,815] {dag.py:2273} INFO - Setting next_dagrun for example_complex to None
[2021-02-18 19:22:57,826] {scheduler_job.py:190} INFO - Processing /home/airflow/.local/lib/python3.6/site-packages/airflow/example_dags/example_complex.py took 0.077 seconds
[2021-02-18 22:26:42,903] {scheduler_job.py:182} INFO - Started process (PID=37) to work on /home/airflow/.local/lib/python3.6/site-packages/airflow/example_dags/example_complex.py
[2021-02-18 22:26:42,928] {scheduler_job.py:629} INFO - Processing file /home/airflow/.local/lib/python3.6/site-packages/airflow/example_dags/example_complex.py for tasks to queue
[2021-02-18 22:26:42,929] {logging_mixin.py:104} INFO - [2021-02-18 22:26:42,929] {dagbag.py:448} INFO - Filling up the DagBag from /home/airflow/.local/lib/python3.6/site-packages/airflow/example_dags/example_complex.py
[2021-02-18 22:26:42,953] {scheduler_job.py:639} INFO - DAG(s) dict_keys(['example_complex']) retrieved from /home/airflow/.local/lib/python3.6/site-packages/airflow/example_dags/example_complex.py
[2021-02-18 22:26:42,994] {logging_mixin.py:104} INFO - [2021-02-18 22:26:42,994] {dag.py:1818} INFO - Sync 1 DAGs
[2021-02-18 22:26:43,005] {logging_mixin.py:104} INFO - [2021-02-18 22:26:43,005] {dag.py:1837} INFO - Creating ORM DAG for example_complex
[2021-02-18 22:26:43,012] {logging_mixin.py:104} INFO - [2021-02-18 22:26:43,012] {dag.py:2273} INFO - Setting next_dagrun for example_complex to None
[2021-02-18 22:26:43,034] {scheduler_job.py:190} INFO - Processing /home/airflow/.local/lib/python3.6/site-packages/airflow/example_dags/example_complex.py took 0.135 seconds
[2021-02-18 22:27:13,884] {scheduler_job.py:182} INFO - Started process (PID=65) to work on /home/airflow/.local/lib/python3.6/site-packages/airflow/example_dags/example_complex.py
[2021-02-18 22:27:13,885] {scheduler_job.py:629} INFO - Processing file /home/airflow/.local/lib/python3.6/site-packages/airflow/example_dags/example_complex.py for tasks to queue
[2021-02-18 22:27:13,886] {logging_mixin.py:104} INFO - [2021-02-18 22:27:13,886] {dagbag.py:448} INFO - Filling up the DagBag from /home/airflow/.local/lib/python3.6/site-packages/airflow/example_dags/example_complex.py
[2021-02-18 22:27:13,903] {scheduler_job.py:639} INFO - DAG(s) dict_keys(['example_complex']) retrieved from /home/airflow/.local/lib/python3.6/site-packages/airflow/example_dags/example_complex.py
[2021-02-18 22:27:13,934] {logging_mixin.py:104} INFO - [2021-02-18 22:27:13,934] {dag.py:1818} INFO - Sync 1 DAGs
[2021-02-18 22:27:13,949] {logging_mixin.py:104} INFO - [2021-02-18 22:27:13,949] {dag.py:2273} INFO - Setting next_dagrun for example_complex to None
[2021-02-18 22:27:13,960] {scheduler_job.py:190} INFO - Processing /home/airflow/.local/lib/python3.6/site-packages/airflow/example_dags/example_complex.py took 0.080 seconds
