[2021-02-18 19:21:56,496] {scheduler_job.py:182} INFO - Started process (PID=47) to work on /home/airflow/.local/lib/python3.6/site-packages/airflow/example_dags/example_kubernetes_executor.py
[2021-02-18 19:21:56,498] {scheduler_job.py:629} INFO - Processing file /home/airflow/.local/lib/python3.6/site-packages/airflow/example_dags/example_kubernetes_executor.py for tasks to queue
[2021-02-18 19:21:56,499] {logging_mixin.py:104} INFO - [2021-02-18 19:21:56,499] {dagbag.py:448} INFO - Filling up the DagBag from /home/airflow/.local/lib/python3.6/site-packages/airflow/example_dags/example_kubernetes_executor.py
[2021-02-18 19:21:56,517] {scheduler_job.py:639} INFO - DAG(s) dict_keys(['example_kubernetes_executor']) retrieved from /home/airflow/.local/lib/python3.6/site-packages/airflow/example_dags/example_kubernetes_executor.py
[2021-02-18 19:21:56,554] {logging_mixin.py:104} INFO - [2021-02-18 19:21:56,554] {dag.py:1818} INFO - Sync 1 DAGs
[2021-02-18 19:21:56,567] {logging_mixin.py:104} INFO - [2021-02-18 19:21:56,567] {dag.py:1837} INFO - Creating ORM DAG for example_kubernetes_executor
[2021-02-18 19:21:56,573] {logging_mixin.py:104} INFO - [2021-02-18 19:21:56,573] {dag.py:2273} INFO - Setting next_dagrun for example_kubernetes_executor to None
[2021-02-18 19:21:56,598] {scheduler_job.py:190} INFO - Processing /home/airflow/.local/lib/python3.6/site-packages/airflow/example_dags/example_kubernetes_executor.py took 0.105 seconds
[2021-02-18 19:22:26,850] {scheduler_job.py:182} INFO - Started process (PID=73) to work on /home/airflow/.local/lib/python3.6/site-packages/airflow/example_dags/example_kubernetes_executor.py
[2021-02-18 19:22:26,851] {scheduler_job.py:629} INFO - Processing file /home/airflow/.local/lib/python3.6/site-packages/airflow/example_dags/example_kubernetes_executor.py for tasks to queue
[2021-02-18 19:22:26,852] {logging_mixin.py:104} INFO - [2021-02-18 19:22:26,852] {dagbag.py:448} INFO - Filling up the DagBag from /home/airflow/.local/lib/python3.6/site-packages/airflow/example_dags/example_kubernetes_executor.py
[2021-02-18 19:22:26,864] {scheduler_job.py:639} INFO - DAG(s) dict_keys(['example_kubernetes_executor']) retrieved from /home/airflow/.local/lib/python3.6/site-packages/airflow/example_dags/example_kubernetes_executor.py
[2021-02-18 19:22:26,885] {logging_mixin.py:104} INFO - [2021-02-18 19:22:26,885] {dag.py:1818} INFO - Sync 1 DAGs
[2021-02-18 19:22:26,901] {logging_mixin.py:104} INFO - [2021-02-18 19:22:26,901] {dag.py:2273} INFO - Setting next_dagrun for example_kubernetes_executor to None
[2021-02-18 19:22:26,911] {scheduler_job.py:190} INFO - Processing /home/airflow/.local/lib/python3.6/site-packages/airflow/example_dags/example_kubernetes_executor.py took 0.066 seconds
[2021-02-18 19:22:57,159] {scheduler_job.py:182} INFO - Started process (PID=97) to work on /home/airflow/.local/lib/python3.6/site-packages/airflow/example_dags/example_kubernetes_executor.py
[2021-02-18 19:22:57,160] {scheduler_job.py:629} INFO - Processing file /home/airflow/.local/lib/python3.6/site-packages/airflow/example_dags/example_kubernetes_executor.py for tasks to queue
[2021-02-18 19:22:57,160] {logging_mixin.py:104} INFO - [2021-02-18 19:22:57,160] {dagbag.py:448} INFO - Filling up the DagBag from /home/airflow/.local/lib/python3.6/site-packages/airflow/example_dags/example_kubernetes_executor.py
[2021-02-18 19:22:57,172] {scheduler_job.py:639} INFO - DAG(s) dict_keys(['example_kubernetes_executor']) retrieved from /home/airflow/.local/lib/python3.6/site-packages/airflow/example_dags/example_kubernetes_executor.py
[2021-02-18 19:22:57,196] {logging_mixin.py:104} INFO - [2021-02-18 19:22:57,196] {dag.py:1818} INFO - Sync 1 DAGs
[2021-02-18 19:22:57,211] {logging_mixin.py:104} INFO - [2021-02-18 19:22:57,211] {dag.py:2273} INFO - Setting next_dagrun for example_kubernetes_executor to None
[2021-02-18 19:22:57,223] {scheduler_job.py:190} INFO - Processing /home/airflow/.local/lib/python3.6/site-packages/airflow/example_dags/example_kubernetes_executor.py took 0.067 seconds
[2021-02-18 22:26:43,151] {scheduler_job.py:182} INFO - Started process (PID=40) to work on /home/airflow/.local/lib/python3.6/site-packages/airflow/example_dags/example_kubernetes_executor.py
[2021-02-18 22:26:43,160] {scheduler_job.py:629} INFO - Processing file /home/airflow/.local/lib/python3.6/site-packages/airflow/example_dags/example_kubernetes_executor.py for tasks to queue
[2021-02-18 22:26:43,160] {logging_mixin.py:104} INFO - [2021-02-18 22:26:43,160] {dagbag.py:448} INFO - Filling up the DagBag from /home/airflow/.local/lib/python3.6/site-packages/airflow/example_dags/example_kubernetes_executor.py
[2021-02-18 22:26:43,173] {scheduler_job.py:639} INFO - DAG(s) dict_keys(['example_kubernetes_executor']) retrieved from /home/airflow/.local/lib/python3.6/site-packages/airflow/example_dags/example_kubernetes_executor.py
[2021-02-18 22:26:43,228] {logging_mixin.py:104} INFO - [2021-02-18 22:26:43,228] {dag.py:1818} INFO - Sync 1 DAGs
[2021-02-18 22:26:43,243] {logging_mixin.py:104} INFO - [2021-02-18 22:26:43,243] {dag.py:1837} INFO - Creating ORM DAG for example_kubernetes_executor
[2021-02-18 22:26:43,250] {logging_mixin.py:104} INFO - [2021-02-18 22:26:43,250] {dag.py:2273} INFO - Setting next_dagrun for example_kubernetes_executor to None
[2021-02-18 22:26:43,272] {scheduler_job.py:190} INFO - Processing /home/airflow/.local/lib/python3.6/site-packages/airflow/example_dags/example_kubernetes_executor.py took 0.124 seconds
[2021-02-18 22:27:13,895] {scheduler_job.py:182} INFO - Started process (PID=66) to work on /home/airflow/.local/lib/python3.6/site-packages/airflow/example_dags/example_kubernetes_executor.py
[2021-02-18 22:27:13,896] {scheduler_job.py:629} INFO - Processing file /home/airflow/.local/lib/python3.6/site-packages/airflow/example_dags/example_kubernetes_executor.py for tasks to queue
[2021-02-18 22:27:13,898] {logging_mixin.py:104} INFO - [2021-02-18 22:27:13,897] {dagbag.py:448} INFO - Filling up the DagBag from /home/airflow/.local/lib/python3.6/site-packages/airflow/example_dags/example_kubernetes_executor.py
[2021-02-18 22:27:13,908] {scheduler_job.py:639} INFO - DAG(s) dict_keys(['example_kubernetes_executor']) retrieved from /home/airflow/.local/lib/python3.6/site-packages/airflow/example_dags/example_kubernetes_executor.py
[2021-02-18 22:27:13,935] {logging_mixin.py:104} INFO - [2021-02-18 22:27:13,935] {dag.py:1818} INFO - Sync 1 DAGs
[2021-02-18 22:27:13,952] {logging_mixin.py:104} INFO - [2021-02-18 22:27:13,952] {dag.py:2273} INFO - Setting next_dagrun for example_kubernetes_executor to None
[2021-02-18 22:27:13,962] {scheduler_job.py:190} INFO - Processing /home/airflow/.local/lib/python3.6/site-packages/airflow/example_dags/example_kubernetes_executor.py took 0.072 seconds
