[2021-02-18 19:21:56,895] {scheduler_job.py:182} INFO - Started process (PID=54) to work on /home/airflow/.local/lib/python3.6/site-packages/airflow/example_dags/example_skip_dag.py
[2021-02-18 19:21:56,896] {scheduler_job.py:629} INFO - Processing file /home/airflow/.local/lib/python3.6/site-packages/airflow/example_dags/example_skip_dag.py for tasks to queue
[2021-02-18 19:21:56,896] {logging_mixin.py:104} INFO - [2021-02-18 19:21:56,896] {dagbag.py:448} INFO - Filling up the DagBag from /home/airflow/.local/lib/python3.6/site-packages/airflow/example_dags/example_skip_dag.py
[2021-02-18 19:21:56,908] {scheduler_job.py:639} INFO - DAG(s) dict_keys(['example_skip_dag']) retrieved from /home/airflow/.local/lib/python3.6/site-packages/airflow/example_dags/example_skip_dag.py
[2021-02-18 19:21:56,943] {logging_mixin.py:104} INFO - [2021-02-18 19:21:56,943] {dag.py:1818} INFO - Sync 1 DAGs
[2021-02-18 19:21:56,965] {logging_mixin.py:104} INFO - [2021-02-18 19:21:56,965] {dag.py:1837} INFO - Creating ORM DAG for example_skip_dag
[2021-02-18 19:21:56,978] {logging_mixin.py:104} INFO - [2021-02-18 19:21:56,977] {dag.py:2273} INFO - Setting next_dagrun for example_skip_dag to 2021-02-16 00:00:00+00:00
[2021-02-18 19:21:56,999] {scheduler_job.py:190} INFO - Processing /home/airflow/.local/lib/python3.6/site-packages/airflow/example_dags/example_skip_dag.py took 0.107 seconds
[2021-02-18 19:22:27,095] {scheduler_job.py:182} INFO - Started process (PID=77) to work on /home/airflow/.local/lib/python3.6/site-packages/airflow/example_dags/example_skip_dag.py
[2021-02-18 19:22:27,097] {scheduler_job.py:629} INFO - Processing file /home/airflow/.local/lib/python3.6/site-packages/airflow/example_dags/example_skip_dag.py for tasks to queue
[2021-02-18 19:22:27,098] {logging_mixin.py:104} INFO - [2021-02-18 19:22:27,098] {dagbag.py:448} INFO - Filling up the DagBag from /home/airflow/.local/lib/python3.6/site-packages/airflow/example_dags/example_skip_dag.py
[2021-02-18 19:22:27,107] {scheduler_job.py:639} INFO - DAG(s) dict_keys(['example_skip_dag']) retrieved from /home/airflow/.local/lib/python3.6/site-packages/airflow/example_dags/example_skip_dag.py
[2021-02-18 19:22:27,129] {logging_mixin.py:104} INFO - [2021-02-18 19:22:27,129] {dag.py:1818} INFO - Sync 1 DAGs
[2021-02-18 19:22:27,143] {logging_mixin.py:104} INFO - [2021-02-18 19:22:27,143] {dag.py:2273} INFO - Setting next_dagrun for example_skip_dag to 2021-02-16 00:00:00+00:00
[2021-02-18 19:22:27,152] {scheduler_job.py:190} INFO - Processing /home/airflow/.local/lib/python3.6/site-packages/airflow/example_dags/example_skip_dag.py took 0.060 seconds
[2021-02-18 19:22:57,380] {scheduler_job.py:182} INFO - Started process (PID=102) to work on /home/airflow/.local/lib/python3.6/site-packages/airflow/example_dags/example_skip_dag.py
[2021-02-18 19:22:57,381] {scheduler_job.py:629} INFO - Processing file /home/airflow/.local/lib/python3.6/site-packages/airflow/example_dags/example_skip_dag.py for tasks to queue
[2021-02-18 19:22:57,382] {logging_mixin.py:104} INFO - [2021-02-18 19:22:57,382] {dagbag.py:448} INFO - Filling up the DagBag from /home/airflow/.local/lib/python3.6/site-packages/airflow/example_dags/example_skip_dag.py
[2021-02-18 19:22:57,392] {scheduler_job.py:639} INFO - DAG(s) dict_keys(['example_skip_dag']) retrieved from /home/airflow/.local/lib/python3.6/site-packages/airflow/example_dags/example_skip_dag.py
[2021-02-18 19:22:57,416] {logging_mixin.py:104} INFO - [2021-02-18 19:22:57,416] {dag.py:1818} INFO - Sync 1 DAGs
[2021-02-18 19:22:57,432] {logging_mixin.py:104} INFO - [2021-02-18 19:22:57,431] {dag.py:2273} INFO - Setting next_dagrun for example_skip_dag to 2021-02-16 00:00:00+00:00
[2021-02-18 19:22:57,441] {scheduler_job.py:190} INFO - Processing /home/airflow/.local/lib/python3.6/site-packages/airflow/example_dags/example_skip_dag.py took 0.063 seconds
[2021-02-18 22:26:43,049] {scheduler_job.py:182} INFO - Started process (PID=39) to work on /home/airflow/.local/lib/python3.6/site-packages/airflow/example_dags/example_skip_dag.py
[2021-02-18 22:26:43,050] {scheduler_job.py:629} INFO - Processing file /home/airflow/.local/lib/python3.6/site-packages/airflow/example_dags/example_skip_dag.py for tasks to queue
[2021-02-18 22:26:43,051] {logging_mixin.py:104} INFO - [2021-02-18 22:26:43,051] {dagbag.py:448} INFO - Filling up the DagBag from /home/airflow/.local/lib/python3.6/site-packages/airflow/example_dags/example_skip_dag.py
[2021-02-18 22:26:43,061] {scheduler_job.py:639} INFO - DAG(s) dict_keys(['example_skip_dag']) retrieved from /home/airflow/.local/lib/python3.6/site-packages/airflow/example_dags/example_skip_dag.py
[2021-02-18 22:26:43,091] {logging_mixin.py:104} INFO - [2021-02-18 22:26:43,091] {dag.py:1818} INFO - Sync 1 DAGs
[2021-02-18 22:26:43,102] {logging_mixin.py:104} INFO - [2021-02-18 22:26:43,102] {dag.py:1837} INFO - Creating ORM DAG for example_skip_dag
[2021-02-18 22:26:43,108] {logging_mixin.py:104} INFO - [2021-02-18 22:26:43,108] {dag.py:2273} INFO - Setting next_dagrun for example_skip_dag to 2021-02-16 00:00:00+00:00
[2021-02-18 22:26:43,126] {scheduler_job.py:190} INFO - Processing /home/airflow/.local/lib/python3.6/site-packages/airflow/example_dags/example_skip_dag.py took 0.080 seconds
[2021-02-18 22:27:13,809] {scheduler_job.py:182} INFO - Started process (PID=64) to work on /home/airflow/.local/lib/python3.6/site-packages/airflow/example_dags/example_skip_dag.py
[2021-02-18 22:27:13,810] {scheduler_job.py:629} INFO - Processing file /home/airflow/.local/lib/python3.6/site-packages/airflow/example_dags/example_skip_dag.py for tasks to queue
[2021-02-18 22:27:13,811] {logging_mixin.py:104} INFO - [2021-02-18 22:27:13,811] {dagbag.py:448} INFO - Filling up the DagBag from /home/airflow/.local/lib/python3.6/site-packages/airflow/example_dags/example_skip_dag.py
[2021-02-18 22:27:13,822] {scheduler_job.py:639} INFO - DAG(s) dict_keys(['example_skip_dag']) retrieved from /home/airflow/.local/lib/python3.6/site-packages/airflow/example_dags/example_skip_dag.py
[2021-02-18 22:27:13,852] {logging_mixin.py:104} INFO - [2021-02-18 22:27:13,852] {dag.py:1818} INFO - Sync 1 DAGs
[2021-02-18 22:27:13,866] {logging_mixin.py:104} INFO - [2021-02-18 22:27:13,866] {dag.py:2273} INFO - Setting next_dagrun for example_skip_dag to 2021-02-16 00:00:00+00:00
[2021-02-18 22:27:13,875] {scheduler_job.py:190} INFO - Processing /home/airflow/.local/lib/python3.6/site-packages/airflow/example_dags/example_skip_dag.py took 0.069 seconds
