[2021-02-18 19:21:56,453] {scheduler_job.py:182} INFO - Started process (PID=46) to work on /home/airflow/.local/lib/python3.6/site-packages/airflow/example_dags/example_short_circuit_operator.py
[2021-02-18 19:21:56,457] {scheduler_job.py:629} INFO - Processing file /home/airflow/.local/lib/python3.6/site-packages/airflow/example_dags/example_short_circuit_operator.py for tasks to queue
[2021-02-18 19:21:56,458] {logging_mixin.py:104} INFO - [2021-02-18 19:21:56,458] {dagbag.py:448} INFO - Filling up the DagBag from /home/airflow/.local/lib/python3.6/site-packages/airflow/example_dags/example_short_circuit_operator.py
[2021-02-18 19:21:56,473] {scheduler_job.py:639} INFO - DAG(s) dict_keys(['example_short_circuit_operator']) retrieved from /home/airflow/.local/lib/python3.6/site-packages/airflow/example_dags/example_short_circuit_operator.py
[2021-02-18 19:21:56,500] {logging_mixin.py:104} INFO - [2021-02-18 19:21:56,500] {dag.py:1818} INFO - Sync 1 DAGs
[2021-02-18 19:21:56,512] {logging_mixin.py:104} INFO - [2021-02-18 19:21:56,512] {dag.py:1837} INFO - Creating ORM DAG for example_short_circuit_operator
[2021-02-18 19:21:56,519] {logging_mixin.py:104} INFO - [2021-02-18 19:21:56,519] {dag.py:2273} INFO - Setting next_dagrun for example_short_circuit_operator to 2021-02-16 00:00:00+00:00
[2021-02-18 19:21:56,542] {scheduler_job.py:190} INFO - Processing /home/airflow/.local/lib/python3.6/site-packages/airflow/example_dags/example_short_circuit_operator.py took 0.094 seconds
[2021-02-18 19:22:27,009] {scheduler_job.py:182} INFO - Started process (PID=75) to work on /home/airflow/.local/lib/python3.6/site-packages/airflow/example_dags/example_short_circuit_operator.py
[2021-02-18 19:22:27,010] {scheduler_job.py:629} INFO - Processing file /home/airflow/.local/lib/python3.6/site-packages/airflow/example_dags/example_short_circuit_operator.py for tasks to queue
[2021-02-18 19:22:27,010] {logging_mixin.py:104} INFO - [2021-02-18 19:22:27,010] {dagbag.py:448} INFO - Filling up the DagBag from /home/airflow/.local/lib/python3.6/site-packages/airflow/example_dags/example_short_circuit_operator.py
[2021-02-18 19:22:27,022] {scheduler_job.py:639} INFO - DAG(s) dict_keys(['example_short_circuit_operator']) retrieved from /home/airflow/.local/lib/python3.6/site-packages/airflow/example_dags/example_short_circuit_operator.py
[2021-02-18 19:22:27,048] {logging_mixin.py:104} INFO - [2021-02-18 19:22:27,048] {dag.py:1818} INFO - Sync 1 DAGs
[2021-02-18 19:22:27,063] {logging_mixin.py:104} INFO - [2021-02-18 19:22:27,063] {dag.py:2273} INFO - Setting next_dagrun for example_short_circuit_operator to 2021-02-16 00:00:00+00:00
[2021-02-18 19:22:27,072] {scheduler_job.py:190} INFO - Processing /home/airflow/.local/lib/python3.6/site-packages/airflow/example_dags/example_short_circuit_operator.py took 0.067 seconds
[2021-02-18 19:22:57,525] {scheduler_job.py:182} INFO - Started process (PID=106) to work on /home/airflow/.local/lib/python3.6/site-packages/airflow/example_dags/example_short_circuit_operator.py
[2021-02-18 19:22:57,526] {scheduler_job.py:629} INFO - Processing file /home/airflow/.local/lib/python3.6/site-packages/airflow/example_dags/example_short_circuit_operator.py for tasks to queue
[2021-02-18 19:22:57,527] {logging_mixin.py:104} INFO - [2021-02-18 19:22:57,526] {dagbag.py:448} INFO - Filling up the DagBag from /home/airflow/.local/lib/python3.6/site-packages/airflow/example_dags/example_short_circuit_operator.py
[2021-02-18 19:22:57,537] {scheduler_job.py:639} INFO - DAG(s) dict_keys(['example_short_circuit_operator']) retrieved from /home/airflow/.local/lib/python3.6/site-packages/airflow/example_dags/example_short_circuit_operator.py
[2021-02-18 19:22:57,558] {logging_mixin.py:104} INFO - [2021-02-18 19:22:57,558] {dag.py:1818} INFO - Sync 1 DAGs
[2021-02-18 19:22:57,573] {logging_mixin.py:104} INFO - [2021-02-18 19:22:57,573] {dag.py:2273} INFO - Setting next_dagrun for example_short_circuit_operator to 2021-02-16 00:00:00+00:00
[2021-02-18 19:22:57,583] {scheduler_job.py:190} INFO - Processing /home/airflow/.local/lib/python3.6/site-packages/airflow/example_dags/example_short_circuit_operator.py took 0.060 seconds
[2021-02-18 22:26:42,723] {scheduler_job.py:182} INFO - Started process (PID=35) to work on /home/airflow/.local/lib/python3.6/site-packages/airflow/example_dags/example_short_circuit_operator.py
[2021-02-18 22:26:42,796] {scheduler_job.py:629} INFO - Processing file /home/airflow/.local/lib/python3.6/site-packages/airflow/example_dags/example_short_circuit_operator.py for tasks to queue
[2021-02-18 22:26:42,797] {logging_mixin.py:104} INFO - [2021-02-18 22:26:42,796] {dagbag.py:448} INFO - Filling up the DagBag from /home/airflow/.local/lib/python3.6/site-packages/airflow/example_dags/example_short_circuit_operator.py
[2021-02-18 22:26:42,820] {scheduler_job.py:639} INFO - DAG(s) dict_keys(['example_short_circuit_operator']) retrieved from /home/airflow/.local/lib/python3.6/site-packages/airflow/example_dags/example_short_circuit_operator.py
[2021-02-18 22:26:42,848] {logging_mixin.py:104} INFO - [2021-02-18 22:26:42,847] {dag.py:1818} INFO - Sync 1 DAGs
[2021-02-18 22:26:42,858] {logging_mixin.py:104} INFO - [2021-02-18 22:26:42,858] {dag.py:1837} INFO - Creating ORM DAG for example_short_circuit_operator
[2021-02-18 22:26:42,863] {logging_mixin.py:104} INFO - [2021-02-18 22:26:42,863] {dag.py:2273} INFO - Setting next_dagrun for example_short_circuit_operator to 2021-02-16 00:00:00+00:00
[2021-02-18 22:26:42,883] {scheduler_job.py:190} INFO - Processing /home/airflow/.local/lib/python3.6/site-packages/airflow/example_dags/example_short_circuit_operator.py took 0.164 seconds
[2021-02-18 22:27:13,697] {scheduler_job.py:182} INFO - Started process (PID=61) to work on /home/airflow/.local/lib/python3.6/site-packages/airflow/example_dags/example_short_circuit_operator.py
[2021-02-18 22:27:13,698] {scheduler_job.py:629} INFO - Processing file /home/airflow/.local/lib/python3.6/site-packages/airflow/example_dags/example_short_circuit_operator.py for tasks to queue
[2021-02-18 22:27:13,698] {logging_mixin.py:104} INFO - [2021-02-18 22:27:13,698] {dagbag.py:448} INFO - Filling up the DagBag from /home/airflow/.local/lib/python3.6/site-packages/airflow/example_dags/example_short_circuit_operator.py
[2021-02-18 22:27:13,709] {scheduler_job.py:639} INFO - DAG(s) dict_keys(['example_short_circuit_operator']) retrieved from /home/airflow/.local/lib/python3.6/site-packages/airflow/example_dags/example_short_circuit_operator.py
[2021-02-18 22:27:13,738] {logging_mixin.py:104} INFO - [2021-02-18 22:27:13,738] {dag.py:1818} INFO - Sync 1 DAGs
[2021-02-18 22:27:13,753] {logging_mixin.py:104} INFO - [2021-02-18 22:27:13,753] {dag.py:2273} INFO - Setting next_dagrun for example_short_circuit_operator to 2021-02-16 00:00:00+00:00
[2021-02-18 22:27:13,763] {scheduler_job.py:190} INFO - Processing /home/airflow/.local/lib/python3.6/site-packages/airflow/example_dags/example_short_circuit_operator.py took 0.070 seconds
