[2021-02-18 19:21:56,098] {scheduler_job.py:182} INFO - Started process (PID=39) to work on /home/airflow/.local/lib/python3.6/site-packages/airflow/example_dags/tutorial_taskflow_api_etl.py
[2021-02-18 19:21:56,100] {scheduler_job.py:629} INFO - Processing file /home/airflow/.local/lib/python3.6/site-packages/airflow/example_dags/tutorial_taskflow_api_etl.py for tasks to queue
[2021-02-18 19:21:56,101] {logging_mixin.py:104} INFO - [2021-02-18 19:21:56,101] {dagbag.py:448} INFO - Filling up the DagBag from /home/airflow/.local/lib/python3.6/site-packages/airflow/example_dags/tutorial_taskflow_api_etl.py
[2021-02-18 19:21:56,116] {scheduler_job.py:639} INFO - DAG(s) dict_keys(['tutorial_taskflow_api_etl']) retrieved from /home/airflow/.local/lib/python3.6/site-packages/airflow/example_dags/tutorial_taskflow_api_etl.py
[2021-02-18 19:21:56,146] {logging_mixin.py:104} INFO - [2021-02-18 19:21:56,145] {dag.py:1818} INFO - Sync 1 DAGs
[2021-02-18 19:21:56,159] {logging_mixin.py:104} INFO - [2021-02-18 19:21:56,158] {dag.py:1837} INFO - Creating ORM DAG for tutorial_taskflow_api_etl
[2021-02-18 19:21:56,165] {logging_mixin.py:104} INFO - [2021-02-18 19:21:56,165] {dag.py:2273} INFO - Setting next_dagrun for tutorial_taskflow_api_etl to None
[2021-02-18 19:21:56,183] {scheduler_job.py:190} INFO - Processing /home/airflow/.local/lib/python3.6/site-packages/airflow/example_dags/tutorial_taskflow_api_etl.py took 0.090 seconds
[2021-02-18 19:22:26,562] {scheduler_job.py:182} INFO - Started process (PID=65) to work on /home/airflow/.local/lib/python3.6/site-packages/airflow/example_dags/tutorial_taskflow_api_etl.py
[2021-02-18 19:22:26,564] {scheduler_job.py:629} INFO - Processing file /home/airflow/.local/lib/python3.6/site-packages/airflow/example_dags/tutorial_taskflow_api_etl.py for tasks to queue
[2021-02-18 19:22:26,565] {logging_mixin.py:104} INFO - [2021-02-18 19:22:26,565] {dagbag.py:448} INFO - Filling up the DagBag from /home/airflow/.local/lib/python3.6/site-packages/airflow/example_dags/tutorial_taskflow_api_etl.py
[2021-02-18 19:22:26,576] {scheduler_job.py:639} INFO - DAG(s) dict_keys(['tutorial_taskflow_api_etl']) retrieved from /home/airflow/.local/lib/python3.6/site-packages/airflow/example_dags/tutorial_taskflow_api_etl.py
[2021-02-18 19:22:26,601] {logging_mixin.py:104} INFO - [2021-02-18 19:22:26,601] {dag.py:1818} INFO - Sync 1 DAGs
[2021-02-18 19:22:26,615] {logging_mixin.py:104} INFO - [2021-02-18 19:22:26,615] {dag.py:2273} INFO - Setting next_dagrun for tutorial_taskflow_api_etl to None
[2021-02-18 19:22:26,627] {scheduler_job.py:190} INFO - Processing /home/airflow/.local/lib/python3.6/site-packages/airflow/example_dags/tutorial_taskflow_api_etl.py took 0.069 seconds
[2021-02-18 19:22:56,805] {scheduler_job.py:182} INFO - Started process (PID=89) to work on /home/airflow/.local/lib/python3.6/site-packages/airflow/example_dags/tutorial_taskflow_api_etl.py
[2021-02-18 19:22:56,806] {scheduler_job.py:629} INFO - Processing file /home/airflow/.local/lib/python3.6/site-packages/airflow/example_dags/tutorial_taskflow_api_etl.py for tasks to queue
[2021-02-18 19:22:56,806] {logging_mixin.py:104} INFO - [2021-02-18 19:22:56,806] {dagbag.py:448} INFO - Filling up the DagBag from /home/airflow/.local/lib/python3.6/site-packages/airflow/example_dags/tutorial_taskflow_api_etl.py
[2021-02-18 19:22:56,818] {scheduler_job.py:639} INFO - DAG(s) dict_keys(['tutorial_taskflow_api_etl']) retrieved from /home/airflow/.local/lib/python3.6/site-packages/airflow/example_dags/tutorial_taskflow_api_etl.py
[2021-02-18 19:22:56,842] {logging_mixin.py:104} INFO - [2021-02-18 19:22:56,842] {dag.py:1818} INFO - Sync 1 DAGs
[2021-02-18 19:22:56,857] {logging_mixin.py:104} INFO - [2021-02-18 19:22:56,857] {dag.py:2273} INFO - Setting next_dagrun for tutorial_taskflow_api_etl to None
[2021-02-18 19:22:56,867] {scheduler_job.py:190} INFO - Processing /home/airflow/.local/lib/python3.6/site-packages/airflow/example_dags/tutorial_taskflow_api_etl.py took 0.066 seconds
[2021-02-18 22:26:43,689] {scheduler_job.py:182} INFO - Started process (PID=47) to work on /home/airflow/.local/lib/python3.6/site-packages/airflow/example_dags/tutorial_taskflow_api_etl.py
[2021-02-18 22:26:43,696] {scheduler_job.py:629} INFO - Processing file /home/airflow/.local/lib/python3.6/site-packages/airflow/example_dags/tutorial_taskflow_api_etl.py for tasks to queue
[2021-02-18 22:26:43,696] {logging_mixin.py:104} INFO - [2021-02-18 22:26:43,696] {dagbag.py:448} INFO - Filling up the DagBag from /home/airflow/.local/lib/python3.6/site-packages/airflow/example_dags/tutorial_taskflow_api_etl.py
[2021-02-18 22:26:43,712] {scheduler_job.py:639} INFO - DAG(s) dict_keys(['tutorial_taskflow_api_etl']) retrieved from /home/airflow/.local/lib/python3.6/site-packages/airflow/example_dags/tutorial_taskflow_api_etl.py
[2021-02-18 22:26:43,747] {logging_mixin.py:104} INFO - [2021-02-18 22:26:43,747] {dag.py:1818} INFO - Sync 1 DAGs
[2021-02-18 22:26:43,760] {logging_mixin.py:104} INFO - [2021-02-18 22:26:43,760] {dag.py:1837} INFO - Creating ORM DAG for tutorial_taskflow_api_etl
[2021-02-18 22:26:43,768] {logging_mixin.py:104} INFO - [2021-02-18 22:26:43,768] {dag.py:2273} INFO - Setting next_dagrun for tutorial_taskflow_api_etl to None
[2021-02-18 22:26:43,789] {scheduler_job.py:190} INFO - Processing /home/airflow/.local/lib/python3.6/site-packages/airflow/example_dags/tutorial_taskflow_api_etl.py took 0.104 seconds
[2021-02-18 22:27:14,591] {scheduler_job.py:182} INFO - Started process (PID=80) to work on /home/airflow/.local/lib/python3.6/site-packages/airflow/example_dags/tutorial_taskflow_api_etl.py
[2021-02-18 22:27:14,592] {scheduler_job.py:629} INFO - Processing file /home/airflow/.local/lib/python3.6/site-packages/airflow/example_dags/tutorial_taskflow_api_etl.py for tasks to queue
[2021-02-18 22:27:14,593] {logging_mixin.py:104} INFO - [2021-02-18 22:27:14,593] {dagbag.py:448} INFO - Filling up the DagBag from /home/airflow/.local/lib/python3.6/site-packages/airflow/example_dags/tutorial_taskflow_api_etl.py
[2021-02-18 22:27:14,605] {scheduler_job.py:639} INFO - DAG(s) dict_keys(['tutorial_taskflow_api_etl']) retrieved from /home/airflow/.local/lib/python3.6/site-packages/airflow/example_dags/tutorial_taskflow_api_etl.py
[2021-02-18 22:27:14,638] {logging_mixin.py:104} INFO - [2021-02-18 22:27:14,637] {dag.py:1818} INFO - Sync 1 DAGs
[2021-02-18 22:27:14,655] {logging_mixin.py:104} INFO - [2021-02-18 22:27:14,655] {dag.py:2273} INFO - Setting next_dagrun for tutorial_taskflow_api_etl to None
[2021-02-18 22:27:14,667] {scheduler_job.py:190} INFO - Processing /home/airflow/.local/lib/python3.6/site-packages/airflow/example_dags/tutorial_taskflow_api_etl.py took 0.081 seconds
