[2021-02-18 19:21:56,685] {scheduler_job.py:182} INFO - Started process (PID=50) to work on /home/airflow/.local/lib/python3.6/site-packages/airflow/example_dags/tutorial.py
[2021-02-18 19:21:56,686] {scheduler_job.py:629} INFO - Processing file /home/airflow/.local/lib/python3.6/site-packages/airflow/example_dags/tutorial.py for tasks to queue
[2021-02-18 19:21:56,687] {logging_mixin.py:104} INFO - [2021-02-18 19:21:56,687] {dagbag.py:448} INFO - Filling up the DagBag from /home/airflow/.local/lib/python3.6/site-packages/airflow/example_dags/tutorial.py
[2021-02-18 19:21:56,698] {scheduler_job.py:639} INFO - DAG(s) dict_keys(['tutorial']) retrieved from /home/airflow/.local/lib/python3.6/site-packages/airflow/example_dags/tutorial.py
[2021-02-18 19:21:56,726] {logging_mixin.py:104} INFO - [2021-02-18 19:21:56,726] {dag.py:1818} INFO - Sync 1 DAGs
[2021-02-18 19:21:56,742] {logging_mixin.py:104} INFO - [2021-02-18 19:21:56,742] {dag.py:1837} INFO - Creating ORM DAG for tutorial
[2021-02-18 19:21:56,750] {logging_mixin.py:104} INFO - [2021-02-18 19:21:56,750] {dag.py:2273} INFO - Setting next_dagrun for tutorial to 2021-02-16 00:00:00+00:00
[2021-02-18 19:21:56,770] {scheduler_job.py:190} INFO - Processing /home/airflow/.local/lib/python3.6/site-packages/airflow/example_dags/tutorial.py took 0.088 seconds
[2021-02-18 19:22:27,164] {scheduler_job.py:182} INFO - Started process (PID=78) to work on /home/airflow/.local/lib/python3.6/site-packages/airflow/example_dags/tutorial.py
[2021-02-18 19:22:27,165] {scheduler_job.py:629} INFO - Processing file /home/airflow/.local/lib/python3.6/site-packages/airflow/example_dags/tutorial.py for tasks to queue
[2021-02-18 19:22:27,165] {logging_mixin.py:104} INFO - [2021-02-18 19:22:27,165] {dagbag.py:448} INFO - Filling up the DagBag from /home/airflow/.local/lib/python3.6/site-packages/airflow/example_dags/tutorial.py
[2021-02-18 19:22:27,174] {scheduler_job.py:639} INFO - DAG(s) dict_keys(['tutorial']) retrieved from /home/airflow/.local/lib/python3.6/site-packages/airflow/example_dags/tutorial.py
[2021-02-18 19:22:27,205] {logging_mixin.py:104} INFO - [2021-02-18 19:22:27,205] {dag.py:1818} INFO - Sync 1 DAGs
[2021-02-18 19:22:27,217] {logging_mixin.py:104} INFO - [2021-02-18 19:22:27,217] {dag.py:2273} INFO - Setting next_dagrun for tutorial to 2021-02-16 00:00:00+00:00
[2021-02-18 19:22:27,225] {scheduler_job.py:190} INFO - Processing /home/airflow/.local/lib/python3.6/site-packages/airflow/example_dags/tutorial.py took 0.064 seconds
[2021-02-18 19:22:57,399] {scheduler_job.py:182} INFO - Started process (PID=103) to work on /home/airflow/.local/lib/python3.6/site-packages/airflow/example_dags/tutorial.py
[2021-02-18 19:22:57,401] {scheduler_job.py:629} INFO - Processing file /home/airflow/.local/lib/python3.6/site-packages/airflow/example_dags/tutorial.py for tasks to queue
[2021-02-18 19:22:57,402] {logging_mixin.py:104} INFO - [2021-02-18 19:22:57,401] {dagbag.py:448} INFO - Filling up the DagBag from /home/airflow/.local/lib/python3.6/site-packages/airflow/example_dags/tutorial.py
[2021-02-18 19:22:57,410] {scheduler_job.py:639} INFO - DAG(s) dict_keys(['tutorial']) retrieved from /home/airflow/.local/lib/python3.6/site-packages/airflow/example_dags/tutorial.py
[2021-02-18 19:22:57,430] {logging_mixin.py:104} INFO - [2021-02-18 19:22:57,430] {dag.py:1818} INFO - Sync 1 DAGs
[2021-02-18 19:22:57,443] {logging_mixin.py:104} INFO - [2021-02-18 19:22:57,443] {dag.py:2273} INFO - Setting next_dagrun for tutorial to 2021-02-16 00:00:00+00:00
[2021-02-18 19:22:57,451] {scheduler_job.py:190} INFO - Processing /home/airflow/.local/lib/python3.6/site-packages/airflow/example_dags/tutorial.py took 0.057 seconds
[2021-02-18 22:26:44,510] {scheduler_job.py:182} INFO - Started process (PID=60) to work on /home/airflow/.local/lib/python3.6/site-packages/airflow/example_dags/tutorial.py
[2021-02-18 22:26:44,535] {scheduler_job.py:629} INFO - Processing file /home/airflow/.local/lib/python3.6/site-packages/airflow/example_dags/tutorial.py for tasks to queue
[2021-02-18 22:26:44,536] {logging_mixin.py:104} INFO - [2021-02-18 22:26:44,536] {dagbag.py:448} INFO - Filling up the DagBag from /home/airflow/.local/lib/python3.6/site-packages/airflow/example_dags/tutorial.py
[2021-02-18 22:26:44,551] {scheduler_job.py:639} INFO - DAG(s) dict_keys(['tutorial']) retrieved from /home/airflow/.local/lib/python3.6/site-packages/airflow/example_dags/tutorial.py
[2021-02-18 22:26:44,584] {logging_mixin.py:104} INFO - [2021-02-18 22:26:44,584] {dag.py:1818} INFO - Sync 1 DAGs
[2021-02-18 22:26:44,597] {logging_mixin.py:104} INFO - [2021-02-18 22:26:44,597] {dag.py:1837} INFO - Creating ORM DAG for tutorial
[2021-02-18 22:26:44,605] {logging_mixin.py:104} INFO - [2021-02-18 22:26:44,605] {dag.py:2273} INFO - Setting next_dagrun for tutorial to 2021-02-16 00:00:00+00:00
[2021-02-18 22:26:44,628] {scheduler_job.py:190} INFO - Processing /home/airflow/.local/lib/python3.6/site-packages/airflow/example_dags/tutorial.py took 0.122 seconds
[2021-02-18 22:27:14,864] {scheduler_job.py:182} INFO - Started process (PID=86) to work on /home/airflow/.local/lib/python3.6/site-packages/airflow/example_dags/tutorial.py
[2021-02-18 22:27:14,866] {scheduler_job.py:629} INFO - Processing file /home/airflow/.local/lib/python3.6/site-packages/airflow/example_dags/tutorial.py for tasks to queue
[2021-02-18 22:27:14,867] {logging_mixin.py:104} INFO - [2021-02-18 22:27:14,867] {dagbag.py:448} INFO - Filling up the DagBag from /home/airflow/.local/lib/python3.6/site-packages/airflow/example_dags/tutorial.py
[2021-02-18 22:27:14,876] {scheduler_job.py:639} INFO - DAG(s) dict_keys(['tutorial']) retrieved from /home/airflow/.local/lib/python3.6/site-packages/airflow/example_dags/tutorial.py
[2021-02-18 22:27:14,907] {logging_mixin.py:104} INFO - [2021-02-18 22:27:14,907] {dag.py:1818} INFO - Sync 1 DAGs
[2021-02-18 22:27:14,923] {logging_mixin.py:104} INFO - [2021-02-18 22:27:14,923] {dag.py:2273} INFO - Setting next_dagrun for tutorial to 2021-02-16 00:00:00+00:00
[2021-02-18 22:27:14,934] {scheduler_job.py:190} INFO - Processing /home/airflow/.local/lib/python3.6/site-packages/airflow/example_dags/tutorial.py took 0.074 seconds
