[2021-02-18 19:21:56,787] {scheduler_job.py:182} INFO - Started process (PID=52) to work on /home/airflow/.local/lib/python3.6/site-packages/airflow/example_dags/tutorial_etl_dag.py
[2021-02-18 19:21:56,789] {scheduler_job.py:629} INFO - Processing file /home/airflow/.local/lib/python3.6/site-packages/airflow/example_dags/tutorial_etl_dag.py for tasks to queue
[2021-02-18 19:21:56,789] {logging_mixin.py:104} INFO - [2021-02-18 19:21:56,789] {dagbag.py:448} INFO - Filling up the DagBag from /home/airflow/.local/lib/python3.6/site-packages/airflow/example_dags/tutorial_etl_dag.py
[2021-02-18 19:21:56,804] {scheduler_job.py:639} INFO - DAG(s) dict_keys(['tutorial_etl_dag']) retrieved from /home/airflow/.local/lib/python3.6/site-packages/airflow/example_dags/tutorial_etl_dag.py
[2021-02-18 19:21:56,832] {logging_mixin.py:104} INFO - [2021-02-18 19:21:56,832] {dag.py:1818} INFO - Sync 1 DAGs
[2021-02-18 19:21:56,846] {logging_mixin.py:104} INFO - [2021-02-18 19:21:56,846] {dag.py:1837} INFO - Creating ORM DAG for tutorial_etl_dag
[2021-02-18 19:21:56,856] {logging_mixin.py:104} INFO - [2021-02-18 19:21:56,855] {dag.py:2273} INFO - Setting next_dagrun for tutorial_etl_dag to None
[2021-02-18 19:21:56,876] {scheduler_job.py:190} INFO - Processing /home/airflow/.local/lib/python3.6/site-packages/airflow/example_dags/tutorial_etl_dag.py took 0.092 seconds
[2021-02-18 19:22:27,243] {scheduler_job.py:182} INFO - Started process (PID=80) to work on /home/airflow/.local/lib/python3.6/site-packages/airflow/example_dags/tutorial_etl_dag.py
[2021-02-18 19:22:27,244] {scheduler_job.py:629} INFO - Processing file /home/airflow/.local/lib/python3.6/site-packages/airflow/example_dags/tutorial_etl_dag.py for tasks to queue
[2021-02-18 19:22:27,245] {logging_mixin.py:104} INFO - [2021-02-18 19:22:27,245] {dagbag.py:448} INFO - Filling up the DagBag from /home/airflow/.local/lib/python3.6/site-packages/airflow/example_dags/tutorial_etl_dag.py
[2021-02-18 19:22:27,257] {scheduler_job.py:639} INFO - DAG(s) dict_keys(['tutorial_etl_dag']) retrieved from /home/airflow/.local/lib/python3.6/site-packages/airflow/example_dags/tutorial_etl_dag.py
[2021-02-18 19:22:27,278] {logging_mixin.py:104} INFO - [2021-02-18 19:22:27,277] {dag.py:1818} INFO - Sync 1 DAGs
[2021-02-18 19:22:27,292] {logging_mixin.py:104} INFO - [2021-02-18 19:22:27,292] {dag.py:2273} INFO - Setting next_dagrun for tutorial_etl_dag to None
[2021-02-18 19:22:27,302] {scheduler_job.py:190} INFO - Processing /home/airflow/.local/lib/python3.6/site-packages/airflow/example_dags/tutorial_etl_dag.py took 0.060 seconds
[2021-02-18 19:22:57,468] {scheduler_job.py:182} INFO - Started process (PID=105) to work on /home/airflow/.local/lib/python3.6/site-packages/airflow/example_dags/tutorial_etl_dag.py
[2021-02-18 19:22:57,470] {scheduler_job.py:629} INFO - Processing file /home/airflow/.local/lib/python3.6/site-packages/airflow/example_dags/tutorial_etl_dag.py for tasks to queue
[2021-02-18 19:22:57,471] {logging_mixin.py:104} INFO - [2021-02-18 19:22:57,471] {dagbag.py:448} INFO - Filling up the DagBag from /home/airflow/.local/lib/python3.6/site-packages/airflow/example_dags/tutorial_etl_dag.py
[2021-02-18 19:22:57,482] {scheduler_job.py:639} INFO - DAG(s) dict_keys(['tutorial_etl_dag']) retrieved from /home/airflow/.local/lib/python3.6/site-packages/airflow/example_dags/tutorial_etl_dag.py
[2021-02-18 19:22:57,505] {logging_mixin.py:104} INFO - [2021-02-18 19:22:57,505] {dag.py:1818} INFO - Sync 1 DAGs
[2021-02-18 19:22:57,519] {logging_mixin.py:104} INFO - [2021-02-18 19:22:57,518] {dag.py:2273} INFO - Setting next_dagrun for tutorial_etl_dag to None
[2021-02-18 19:22:57,528] {scheduler_job.py:190} INFO - Processing /home/airflow/.local/lib/python3.6/site-packages/airflow/example_dags/tutorial_etl_dag.py took 0.063 seconds
[2021-02-18 22:26:44,020] {scheduler_job.py:182} INFO - Started process (PID=52) to work on /home/airflow/.local/lib/python3.6/site-packages/airflow/example_dags/tutorial_etl_dag.py
[2021-02-18 22:26:44,029] {scheduler_job.py:629} INFO - Processing file /home/airflow/.local/lib/python3.6/site-packages/airflow/example_dags/tutorial_etl_dag.py for tasks to queue
[2021-02-18 22:26:44,030] {logging_mixin.py:104} INFO - [2021-02-18 22:26:44,030] {dagbag.py:448} INFO - Filling up the DagBag from /home/airflow/.local/lib/python3.6/site-packages/airflow/example_dags/tutorial_etl_dag.py
[2021-02-18 22:26:44,045] {scheduler_job.py:639} INFO - DAG(s) dict_keys(['tutorial_etl_dag']) retrieved from /home/airflow/.local/lib/python3.6/site-packages/airflow/example_dags/tutorial_etl_dag.py
[2021-02-18 22:26:44,075] {logging_mixin.py:104} INFO - [2021-02-18 22:26:44,075] {dag.py:1818} INFO - Sync 1 DAGs
[2021-02-18 22:26:44,089] {logging_mixin.py:104} INFO - [2021-02-18 22:26:44,088] {dag.py:1837} INFO - Creating ORM DAG for tutorial_etl_dag
[2021-02-18 22:26:44,097] {logging_mixin.py:104} INFO - [2021-02-18 22:26:44,097] {dag.py:2273} INFO - Setting next_dagrun for tutorial_etl_dag to None
[2021-02-18 22:26:44,118] {scheduler_job.py:190} INFO - Processing /home/airflow/.local/lib/python3.6/site-packages/airflow/example_dags/tutorial_etl_dag.py took 0.101 seconds
[2021-02-18 22:27:14,421] {scheduler_job.py:182} INFO - Started process (PID=76) to work on /home/airflow/.local/lib/python3.6/site-packages/airflow/example_dags/tutorial_etl_dag.py
[2021-02-18 22:27:14,422] {scheduler_job.py:629} INFO - Processing file /home/airflow/.local/lib/python3.6/site-packages/airflow/example_dags/tutorial_etl_dag.py for tasks to queue
[2021-02-18 22:27:14,422] {logging_mixin.py:104} INFO - [2021-02-18 22:27:14,422] {dagbag.py:448} INFO - Filling up the DagBag from /home/airflow/.local/lib/python3.6/site-packages/airflow/example_dags/tutorial_etl_dag.py
[2021-02-18 22:27:14,433] {scheduler_job.py:639} INFO - DAG(s) dict_keys(['tutorial_etl_dag']) retrieved from /home/airflow/.local/lib/python3.6/site-packages/airflow/example_dags/tutorial_etl_dag.py
[2021-02-18 22:27:14,463] {logging_mixin.py:104} INFO - [2021-02-18 22:27:14,463] {dag.py:1818} INFO - Sync 1 DAGs
[2021-02-18 22:27:14,481] {logging_mixin.py:104} INFO - [2021-02-18 22:27:14,481] {dag.py:2273} INFO - Setting next_dagrun for tutorial_etl_dag to None
[2021-02-18 22:27:14,491] {scheduler_job.py:190} INFO - Processing /home/airflow/.local/lib/python3.6/site-packages/airflow/example_dags/tutorial_etl_dag.py took 0.073 seconds
